have_header: checking for unistd.h... -------------------- yes

"gcc -E -I. -IC:/Ruby187/lib/ruby/1.8/i386-mingw32 -I.    -g -O2 -DFD_SETSIZE=256    -g  conftest.c -o conftest.i"
checked program was:
/* begin */
1: #include <unistd.h>
/* end */

--------------------

have_header: checking for locale.h... -------------------- yes

"gcc -E -I. -IC:/Ruby187/lib/ruby/1.8/i386-mingw32 -I.    -g -O2 -DFD_SETSIZE=256    -g  conftest.c -o conftest.i"
checked program was:
/* begin */
1: #include <locale.h>
/* end */

--------------------

have_header: checking for ncurses.h... -------------------- no

"gcc -E -I. -IC:/Ruby187/lib/ruby/1.8/i386-mingw32 -I.    -g -O2 -DFD_SETSIZE=256    -g  conftest.c -o conftest.i"
conftest.c:1:21: ncurses.h: No such file or directory
checked program was:
/* begin */
1: #include <ncurses.h>
/* end */

--------------------

have_header: checking for ncurses/curses.h... -------------------- no

"gcc -E -I. -IC:/Ruby187/lib/ruby/1.8/i386-mingw32 -I.    -g -O2 -DFD_SETSIZE=256    -g  conftest.c -o conftest.i"
conftest.c:1:28: ncurses/curses.h: No such file or directory
checked program was:
/* begin */
1: #include <ncurses/curses.h>
/* end */

--------------------

have_header: checking for curses.h... -------------------- yes

"gcc -E -I. -IC:/Ruby187/lib/ruby/1.8/i386-mingw32 -I.    -g -O2 -DFD_SETSIZE=256    -g  conftest.c -o conftest.i"
checked program was:
/* begin */
1: #include <curses.h>
/* end */

--------------------

have_library: checking for wmove() in -lncursesw... -------------------- no

"gcc -o conftest -I. -IC:/Ruby187/lib/ruby/1.8/i386-mingw32 -I.    -g -O2 -DFD_SETSIZE=256    -g conftest.c  -L. -LC:/Ruby187/lib -L.      -lmsvcrt-ruby18-static -lncursesw  -lshell32 -lws2_32  "
conftest.c: In function `t':
conftest.c:6: error: `wmove' undeclared (first use in this function)
conftest.c:6: error: (Each undeclared identifier is reported only once
conftest.c:6: error: for each function it appears in.)
checked program was:
/* begin */
1: #include <windows.h>
2: #include <winsock.h>
3: 
4: /*top*/
5: int main() { return 0; }
6: int t() { void ((*volatile p)()); p = (void ((*)()))wmove; return 0; }
/* end */

"gcc -o conftest -I. -IC:/Ruby187/lib/ruby/1.8/i386-mingw32 -I.    -g -O2 -DFD_SETSIZE=256    -g conftest.c  -L. -LC:/Ruby187/lib -L.      -lmsvcrt-ruby18-static -lncursesw  -lshell32 -lws2_32  "
C:\Ruby187\bin\..\devkit\gcc\3.4.5\bin\..\lib\gcc\mingw32\3.4.5\..\..\..\..\mingw32\bin\ld.exe: cannot find -lncursesw
collect2: ld returned 1 exit status
checked program was:
/* begin */
1: /*top*/
2: int main() { return 0; }
3: int t() { wmove(); return 0; }
/* end */

--------------------

have_library: checking for wmove() in -lpdcurses... -------------------- yes

"gcc -o conftest -I. -IC:/Ruby187/lib/ruby/1.8/i386-mingw32 -I.    -g -O2 -DFD_SETSIZE=256    -g conftest.c  -L. -LC:/Ruby187/lib -L.      -lmsvcrt-ruby18-static -lpdcurses  -lshell32 -lws2_32  "
conftest.c: In function `t':
conftest.c:6: error: `wmove' undeclared (first use in this function)
conftest.c:6: error: (Each undeclared identifier is reported only once
conftest.c:6: error: for each function it appears in.)
checked program was:
/* begin */
1: #include <windows.h>
2: #include <winsock.h>
3: 
4: /*top*/
5: int main() { return 0; }
6: int t() { void ((*volatile p)()); p = (void ((*)()))wmove; return 0; }
/* end */

"gcc -o conftest -I. -IC:/Ruby187/lib/ruby/1.8/i386-mingw32 -I.    -g -O2 -DFD_SETSIZE=256    -g conftest.c  -L. -LC:/Ruby187/lib -L.      -lmsvcrt-ruby18-static -lpdcurses  -lshell32 -lws2_32  "
checked program was:
/* begin */
1: /*top*/
2: int main() { return 0; }
3: int t() { wmove(); return 0; }
/* end */

--------------------

have_func: checking for newscr()... -------------------- no

"gcc -o conftest -I. -IC:/Ruby187/lib/ruby/1.8/i386-mingw32 -I.    -g -O2 -DFD_SETSIZE=256    -g conftest.c  -L. -LC:/Ruby187/lib -L.     -lpdcurses  -lmsvcrt-ruby18-static -lpdcurses  -lshell32 -lws2_32  "
conftest.c: In function `t':
conftest.c:6: error: `newscr' undeclared (first use in this function)
conftest.c:6: error: (Each undeclared identifier is reported only once
conftest.c:6: error: for each function it appears in.)
checked program was:
/* begin */
1: #include <windows.h>
2: #include <winsock.h>
3: 
4: /*top*/
5: int main() { return 0; }
6: int t() { void ((*volatile p)()); p = (void ((*)()))newscr; return 0; }
/* end */

"gcc -o conftest -I. -IC:/Ruby187/lib/ruby/1.8/i386-mingw32 -I.    -g -O2 -DFD_SETSIZE=256    -g conftest.c  -L. -LC:/Ruby187/lib -L.     -lpdcurses  -lmsvcrt-ruby18-static -lpdcurses  -lshell32 -lws2_32  "
C:\DOCUME~1\ADMINI~1\LOCALS~1\Temp/ccq5emvT.o: In function `t':
C:/sam/code/ncursesw-ruby/conftest.c:3: undefined reference to `newscr'
collect2: ld returned 1 exit status
checked program was:
/* begin */
1: /*top*/
2: int main() { return 0; }
3: int t() { newscr(); return 0; }
/* end */

--------------------

have_func: checking for TABSIZE()... -------------------- yes

"gcc -o conftest -I. -IC:/Ruby187/lib/ruby/1.8/i386-mingw32 -I.    -g -O2 -DFD_SETSIZE=256    -g conftest.c  -L. -LC:/Ruby187/lib -L.     -lpdcurses  -lmsvcrt-ruby18-static -lpdcurses  -lshell32 -lws2_32  "
conftest.c: In function `t':
conftest.c:6: error: `TABSIZE' undeclared (first use in this function)
conftest.c:6: error: (Each undeclared identifier is reported only once
conftest.c:6: error: for each function it appears in.)
checked program was:
/* begin */
1: #include <windows.h>
2: #include <winsock.h>
3: 
4: /*top*/
5: int main() { return 0; }
6: int t() { void ((*volatile p)()); p = (void ((*)()))TABSIZE; return 0; }
/* end */

"gcc -o conftest -I. -IC:/Ruby187/lib/ruby/1.8/i386-mingw32 -I.    -g -O2 -DFD_SETSIZE=256    -g conftest.c  -L. -LC:/Ruby187/lib -L.     -lpdcurses  -lmsvcrt-ruby18-static -lpdcurses  -lshell32 -lws2_32  "
Info: resolving _TABSIZE by linking to __imp__TABSIZE (auto-import)
C:\Ruby187\bin\..\devkit\gcc\3.4.5\bin\..\lib\gcc\mingw32\3.4.5\..\..\..\..\mingw32\bin\ld.exe: warning: auto-importing has been activated without --enable-auto-import specified on the command line.
This should work unless it involves constant data structures referencing symbols from auto-imported DLLs.
checked program was:
/* begin */
1: /*top*/
2: int main() { return 0; }
3: int t() { TABSIZE(); return 0; }
/* end */

--------------------

have_func: checking for ESCDELAY()... -------------------- no

"gcc -o conftest -I. -IC:/Ruby187/lib/ruby/1.8/i386-mingw32 -I.    -g -O2 -DFD_SETSIZE=256    -g conftest.c  -L. -LC:/Ruby187/lib -L.     -lpdcurses  -lmsvcrt-ruby18-static -lpdcurses  -lshell32 -lws2_32  "
conftest.c: In function `t':
conftest.c:6: error: `ESCDELAY' undeclared (first use in this function)
conftest.c:6: error: (Each undeclared identifier is reported only once
conftest.c:6: error: for each function it appears in.)
checked program was:
/* begin */
1: #include <windows.h>
2: #include <winsock.h>
3: 
4: /*top*/
5: int main() { return 0; }
6: int t() { void ((*volatile p)()); p = (void ((*)()))ESCDELAY; return 0; }
/* end */

"gcc -o conftest -I. -IC:/Ruby187/lib/ruby/1.8/i386-mingw32 -I.    -g -O2 -DFD_SETSIZE=256    -g conftest.c  -L. -LC:/Ruby187/lib -L.     -lpdcurses  -lmsvcrt-ruby18-static -lpdcurses  -lshell32 -lws2_32  "
C:\DOCUME~1\ADMINI~1\LOCALS~1\Temp/ccaYt6N3.o: In function `t':
C:/sam/code/ncursesw-ruby/conftest.c:3: undefined reference to `ESCDELAY'
collect2: ld returned 1 exit status
checked program was:
/* begin */
1: /*top*/
2: int main() { return 0; }
3: int t() { ESCDELAY(); return 0; }
/* end */

--------------------

have_func: checking for keybound()... -------------------- no

"gcc -o conftest -I. -IC:/Ruby187/lib/ruby/1.8/i386-mingw32 -I.    -g -O2 -DFD_SETSIZE=256    -g conftest.c  -L. -LC:/Ruby187/lib -L.     -lpdcurses  -lmsvcrt-ruby18-static -lpdcurses  -lshell32 -lws2_32  "
conftest.c: In function `t':
conftest.c:6: error: `keybound' undeclared (first use in this function)
conftest.c:6: error: (Each undeclared identifier is reported only once
conftest.c:6: error: for each function it appears in.)
checked program was:
/* begin */
1: #include <windows.h>
2: #include <winsock.h>
3: 
4: /*top*/
5: int main() { return 0; }
6: int t() { void ((*volatile p)()); p = (void ((*)()))keybound; return 0; }
/* end */

"gcc -o conftest -I. -IC:/Ruby187/lib/ruby/1.8/i386-mingw32 -I.    -g -O2 -DFD_SETSIZE=256    -g conftest.c  -L. -LC:/Ruby187/lib -L.     -lpdcurses  -lmsvcrt-ruby18-static -lpdcurses  -lshell32 -lws2_32  "
C:\DOCUME~1\ADMINI~1\LOCALS~1\Temp/cc8zyEXU.o: In function `t':
C:/sam/code/ncursesw-ruby/conftest.c:3: undefined reference to `keybound'
collect2: ld returned 1 exit status
checked program was:
/* begin */
1: /*top*/
2: int main() { return 0; }
3: int t() { keybound(); return 0; }
/* end */

--------------------

have_func: checking for curses_version()... -------------------- yes

"gcc -o conftest -I. -IC:/Ruby187/lib/ruby/1.8/i386-mingw32 -I.    -g -O2 -DFD_SETSIZE=256    -g conftest.c  -L. -LC:/Ruby187/lib -L.     -lpdcurses  -lmsvcrt-ruby18-static -lpdcurses  -lshell32 -lws2_32  "
conftest.c: In function `t':
conftest.c:6: error: `curses_version' undeclared (first use in this function)
conftest.c:6: error: (Each undeclared identifier is reported only once
conftest.c:6: error: for each function it appears in.)
checked program was:
/* begin */
1: #include <windows.h>
2: #include <winsock.h>
3: 
4: /*top*/
5: int main() { return 0; }
6: int t() { void ((*volatile p)()); p = (void ((*)()))curses_version; return 0; }
/* end */

"gcc -o conftest -I. -IC:/Ruby187/lib/ruby/1.8/i386-mingw32 -I.    -g -O2 -DFD_SETSIZE=256    -g conftest.c  -L. -LC:/Ruby187/lib -L.     -lpdcurses  -lmsvcrt-ruby18-static -lpdcurses  -lshell32 -lws2_32  "
checked program was:
/* begin */
1: /*top*/
2: int main() { return 0; }
3: int t() { curses_version(); return 0; }
/* end */

--------------------

have_func: checking for tigetstr()... -------------------- yes

"gcc -o conftest -I. -IC:/Ruby187/lib/ruby/1.8/i386-mingw32 -I.    -g -O2 -DFD_SETSIZE=256    -g conftest.c  -L. -LC:/Ruby187/lib -L.     -lpdcurses  -lmsvcrt-ruby18-static -lpdcurses  -lshell32 -lws2_32  "
conftest.c: In function `t':
conftest.c:6: error: `tigetstr' undeclared (first use in this function)
conftest.c:6: error: (Each undeclared identifier is reported only once
conftest.c:6: error: for each function it appears in.)
checked program was:
/* begin */
1: #include <windows.h>
2: #include <winsock.h>
3: 
4: /*top*/
5: int main() { return 0; }
6: int t() { void ((*volatile p)()); p = (void ((*)()))tigetstr; return 0; }
/* end */

"gcc -o conftest -I. -IC:/Ruby187/lib/ruby/1.8/i386-mingw32 -I.    -g -O2 -DFD_SETSIZE=256    -g conftest.c  -L. -LC:/Ruby187/lib -L.     -lpdcurses  -lmsvcrt-ruby18-static -lpdcurses  -lshell32 -lws2_32  "
checked program was:
/* begin */
1: /*top*/
2: int main() { return 0; }
3: int t() { tigetstr(); return 0; }
/* end */

--------------------

have_func: checking for getwin()... -------------------- yes

"gcc -o conftest -I. -IC:/Ruby187/lib/ruby/1.8/i386-mingw32 -I.    -g -O2 -DFD_SETSIZE=256    -g conftest.c  -L. -LC:/Ruby187/lib -L.     -lpdcurses  -lmsvcrt-ruby18-static -lpdcurses  -lshell32 -lws2_32  "
conftest.c: In function `t':
conftest.c:6: error: `getwin' undeclared (first use in this function)
conftest.c:6: error: (Each undeclared identifier is reported only once
conftest.c:6: error: for each function it appears in.)
checked program was:
/* begin */
1: #include <windows.h>
2: #include <winsock.h>
3: 
4: /*top*/
5: int main() { return 0; }
6: int t() { void ((*volatile p)()); p = (void ((*)()))getwin; return 0; }
/* end */

"gcc -o conftest -I. -IC:/Ruby187/lib/ruby/1.8/i386-mingw32 -I.    -g -O2 -DFD_SETSIZE=256    -g conftest.c  -L. -LC:/Ruby187/lib -L.     -lpdcurses  -lmsvcrt-ruby18-static -lpdcurses  -lshell32 -lws2_32  "
checked program was:
/* begin */
1: /*top*/
2: int main() { return 0; }
3: int t() { getwin(); return 0; }
/* end */

--------------------

have_func: checking for putwin()... -------------------- yes

"gcc -o conftest -I. -IC:/Ruby187/lib/ruby/1.8/i386-mingw32 -I.    -g -O2 -DFD_SETSIZE=256    -g conftest.c  -L. -LC:/Ruby187/lib -L.     -lpdcurses  -lmsvcrt-ruby18-static -lpdcurses  -lshell32 -lws2_32  "
conftest.c: In function `t':
conftest.c:6: error: `putwin' undeclared (first use in this function)
conftest.c:6: error: (Each undeclared identifier is reported only once
conftest.c:6: error: for each function it appears in.)
checked program was:
/* begin */
1: #include <windows.h>
2: #include <winsock.h>
3: 
4: /*top*/
5: int main() { return 0; }
6: int t() { void ((*volatile p)()); p = (void ((*)()))putwin; return 0; }
/* end */

"gcc -o conftest -I. -IC:/Ruby187/lib/ruby/1.8/i386-mingw32 -I.    -g -O2 -DFD_SETSIZE=256    -g conftest.c  -L. -LC:/Ruby187/lib -L.     -lpdcurses  -lmsvcrt-ruby18-static -lpdcurses  -lshell32 -lws2_32  "
checked program was:
/* begin */
1: /*top*/
2: int main() { return 0; }
3: int t() { putwin(); return 0; }
/* end */

--------------------

have_func: checking for ungetmouse()... -------------------- yes

"gcc -o conftest -I. -IC:/Ruby187/lib/ruby/1.8/i386-mingw32 -I.    -g -O2 -DFD_SETSIZE=256    -g conftest.c  -L. -LC:/Ruby187/lib -L.     -lpdcurses  -lmsvcrt-ruby18-static -lpdcurses  -lshell32 -lws2_32  "
conftest.c: In function `t':
conftest.c:6: error: `ungetmouse' undeclared (first use in this function)
conftest.c:6: error: (Each undeclared identifier is reported only once
conftest.c:6: error: for each function it appears in.)
checked program was:
/* begin */
1: #include <windows.h>
2: #include <winsock.h>
3: 
4: /*top*/
5: int main() { return 0; }
6: int t() { void ((*volatile p)()); p = (void ((*)()))ungetmouse; return 0; }
/* end */

"gcc -o conftest -I. -IC:/Ruby187/lib/ruby/1.8/i386-mingw32 -I.    -g -O2 -DFD_SETSIZE=256    -g conftest.c  -L. -LC:/Ruby187/lib -L.     -lpdcurses  -lmsvcrt-ruby18-static -lpdcurses  -lshell32 -lws2_32  "
checked program was:
/* begin */
1: /*top*/
2: int main() { return 0; }
3: int t() { ungetmouse(); return 0; }
/* end */

--------------------

have_func: checking for mousemask()... -------------------- yes

"gcc -o conftest -I. -IC:/Ruby187/lib/ruby/1.8/i386-mingw32 -I.    -g -O2 -DFD_SETSIZE=256    -g conftest.c  -L. -LC:/Ruby187/lib -L.     -lpdcurses  -lmsvcrt-ruby18-static -lpdcurses  -lshell32 -lws2_32  "
conftest.c: In function `t':
conftest.c:6: error: `mousemask' undeclared (first use in this function)
conftest.c:6: error: (Each undeclared identifier is reported only once
conftest.c:6: error: for each function it appears in.)
checked program was:
/* begin */
1: #include <windows.h>
2: #include <winsock.h>
3: 
4: /*top*/
5: int main() { return 0; }
6: int t() { void ((*volatile p)()); p = (void ((*)()))mousemask; return 0; }
/* end */

"gcc -o conftest -I. -IC:/Ruby187/lib/ruby/1.8/i386-mingw32 -I.    -g -O2 -DFD_SETSIZE=256    -g conftest.c  -L. -LC:/Ruby187/lib -L.     -lpdcurses  -lmsvcrt-ruby18-static -lpdcurses  -lshell32 -lws2_32  "
checked program was:
/* begin */
1: /*top*/
2: int main() { return 0; }
3: int t() { mousemask(); return 0; }
/* end */

--------------------

have_func: checking for wenclose()... -------------------- yes

"gcc -o conftest -I. -IC:/Ruby187/lib/ruby/1.8/i386-mingw32 -I.    -g -O2 -DFD_SETSIZE=256    -g conftest.c  -L. -LC:/Ruby187/lib -L.     -lpdcurses  -lmsvcrt-ruby18-static -lpdcurses  -lshell32 -lws2_32  "
conftest.c: In function `t':
conftest.c:6: error: `wenclose' undeclared (first use in this function)
conftest.c:6: error: (Each undeclared identifier is reported only once
conftest.c:6: error: for each function it appears in.)
checked program was:
/* begin */
1: #include <windows.h>
2: #include <winsock.h>
3: 
4: /*top*/
5: int main() { return 0; }
6: int t() { void ((*volatile p)()); p = (void ((*)()))wenclose; return 0; }
/* end */

"gcc -o conftest -I. -IC:/Ruby187/lib/ruby/1.8/i386-mingw32 -I.    -g -O2 -DFD_SETSIZE=256    -g conftest.c  -L. -LC:/Ruby187/lib -L.     -lpdcurses  -lmsvcrt-ruby18-static -lpdcurses  -lshell32 -lws2_32  "
checked program was:
/* begin */
1: /*top*/
2: int main() { return 0; }
3: int t() { wenclose(); return 0; }
/* end */

--------------------

have_func: checking for mouseinterval()... -------------------- yes

"gcc -o conftest -I. -IC:/Ruby187/lib/ruby/1.8/i386-mingw32 -I.    -g -O2 -DFD_SETSIZE=256    -g conftest.c  -L. -LC:/Ruby187/lib -L.     -lpdcurses  -lmsvcrt-ruby18-static -lpdcurses  -lshell32 -lws2_32  "
conftest.c: In function `t':
conftest.c:6: error: `mouseinterval' undeclared (first use in this function)
conftest.c:6: error: (Each undeclared identifier is reported only once
conftest.c:6: error: for each function it appears in.)
checked program was:
/* begin */
1: #include <windows.h>
2: #include <winsock.h>
3: 
4: /*top*/
5: int main() { return 0; }
6: int t() { void ((*volatile p)()); p = (void ((*)()))mouseinterval; return 0; }
/* end */

"gcc -o conftest -I. -IC:/Ruby187/lib/ruby/1.8/i386-mingw32 -I.    -g -O2 -DFD_SETSIZE=256    -g conftest.c  -L. -LC:/Ruby187/lib -L.     -lpdcurses  -lmsvcrt-ruby18-static -lpdcurses  -lshell32 -lws2_32  "
checked program was:
/* begin */
1: /*top*/
2: int main() { return 0; }
3: int t() { mouseinterval(); return 0; }
/* end */

--------------------

have_func: checking for wmouse_trafo()... -------------------- yes

"gcc -o conftest -I. -IC:/Ruby187/lib/ruby/1.8/i386-mingw32 -I.    -g -O2 -DFD_SETSIZE=256    -g conftest.c  -L. -LC:/Ruby187/lib -L.     -lpdcurses  -lmsvcrt-ruby18-static -lpdcurses  -lshell32 -lws2_32  "
conftest.c: In function `t':
conftest.c:6: error: `wmouse_trafo' undeclared (first use in this function)
conftest.c:6: error: (Each undeclared identifier is reported only once
conftest.c:6: error: for each function it appears in.)
checked program was:
/* begin */
1: #include <windows.h>
2: #include <winsock.h>
3: 
4: /*top*/
5: int main() { return 0; }
6: int t() { void ((*volatile p)()); p = (void ((*)()))wmouse_trafo; return 0; }
/* end */

"gcc -o conftest -I. -IC:/Ruby187/lib/ruby/1.8/i386-mingw32 -I.    -g -O2 -DFD_SETSIZE=256    -g conftest.c  -L. -LC:/Ruby187/lib -L.     -lpdcurses  -lmsvcrt-ruby18-static -lpdcurses  -lshell32 -lws2_32  "
checked program was:
/* begin */
1: /*top*/
2: int main() { return 0; }
3: int t() { wmouse_trafo(); return 0; }
/* end */

--------------------

have_func: checking for mcprint()... -------------------- no

"gcc -o conftest -I. -IC:/Ruby187/lib/ruby/1.8/i386-mingw32 -I.    -g -O2 -DFD_SETSIZE=256    -g conftest.c  -L. -LC:/Ruby187/lib -L.     -lpdcurses  -lmsvcrt-ruby18-static -lpdcurses  -lshell32 -lws2_32  "
conftest.c: In function `t':
conftest.c:6: error: `mcprint' undeclared (first use in this function)
conftest.c:6: error: (Each undeclared identifier is reported only once
conftest.c:6: error: for each function it appears in.)
checked program was:
/* begin */
1: #include <windows.h>
2: #include <winsock.h>
3: 
4: /*top*/
5: int main() { return 0; }
6: int t() { void ((*volatile p)()); p = (void ((*)()))mcprint; return 0; }
/* end */

"gcc -o conftest -I. -IC:/Ruby187/lib/ruby/1.8/i386-mingw32 -I.    -g -O2 -DFD_SETSIZE=256    -g conftest.c  -L. -LC:/Ruby187/lib -L.     -lpdcurses  -lmsvcrt-ruby18-static -lpdcurses  -lshell32 -lws2_32  "
C:\DOCUME~1\ADMINI~1\LOCALS~1\Temp/ccmCa13w.o: In function `t':
C:/sam/code/ncursesw-ruby/conftest.c:3: undefined reference to `mcprint'
collect2: ld returned 1 exit status
checked program was:
/* begin */
1: /*top*/
2: int main() { return 0; }
3: int t() { mcprint(); return 0; }
/* end */

--------------------

have_func: checking for has_key()... -------------------- yes

"gcc -o conftest -I. -IC:/Ruby187/lib/ruby/1.8/i386-mingw32 -I.    -g -O2 -DFD_SETSIZE=256    -g conftest.c  -L. -LC:/Ruby187/lib -L.     -lpdcurses  -lmsvcrt-ruby18-static -lpdcurses  -lshell32 -lws2_32  "
conftest.c: In function `t':
conftest.c:6: error: `has_key' undeclared (first use in this function)
conftest.c:6: error: (Each undeclared identifier is reported only once
conftest.c:6: error: for each function it appears in.)
checked program was:
/* begin */
1: #include <windows.h>
2: #include <winsock.h>
3: 
4: /*top*/
5: int main() { return 0; }
6: int t() { void ((*volatile p)()); p = (void ((*)()))has_key; return 0; }
/* end */

"gcc -o conftest -I. -IC:/Ruby187/lib/ruby/1.8/i386-mingw32 -I.    -g -O2 -DFD_SETSIZE=256    -g conftest.c  -L. -LC:/Ruby187/lib -L.     -lpdcurses  -lmsvcrt-ruby18-static -lpdcurses  -lshell32 -lws2_32  "
checked program was:
/* begin */
1: /*top*/
2: int main() { return 0; }
3: int t() { has_key(); return 0; }
/* end */

--------------------

have_func: checking for delscreen()... -------------------- yes

"gcc -o conftest -I. -IC:/Ruby187/lib/ruby/1.8/i386-mingw32 -I.    -g -O2 -DFD_SETSIZE=256    -g conftest.c  -L. -LC:/Ruby187/lib -L.     -lpdcurses  -lmsvcrt-ruby18-static -lpdcurses  -lshell32 -lws2_32  "
conftest.c: In function `t':
conftest.c:6: error: `delscreen' undeclared (first use in this function)
conftest.c:6: error: (Each undeclared identifier is reported only once
conftest.c:6: error: for each function it appears in.)
checked program was:
/* begin */
1: #include <windows.h>
2: #include <winsock.h>
3: 
4: /*top*/
5: int main() { return 0; }
6: int t() { void ((*volatile p)()); p = (void ((*)()))delscreen; return 0; }
/* end */

"gcc -o conftest -I. -IC:/Ruby187/lib/ruby/1.8/i386-mingw32 -I.    -g -O2 -DFD_SETSIZE=256    -g conftest.c  -L. -LC:/Ruby187/lib -L.     -lpdcurses  -lmsvcrt-ruby18-static -lpdcurses  -lshell32 -lws2_32  "
checked program was:
/* begin */
1: /*top*/
2: int main() { return 0; }
3: int t() { delscreen(); return 0; }
/* end */

--------------------

have_func: checking for define_key()... -------------------- no

"gcc -o conftest -I. -IC:/Ruby187/lib/ruby/1.8/i386-mingw32 -I.    -g -O2 -DFD_SETSIZE=256    -g conftest.c  -L. -LC:/Ruby187/lib -L.     -lpdcurses  -lmsvcrt-ruby18-static -lpdcurses  -lshell32 -lws2_32  "
conftest.c: In function `t':
conftest.c:6: error: `define_key' undeclared (first use in this function)
conftest.c:6: error: (Each undeclared identifier is reported only once
conftest.c:6: error: for each function it appears in.)
checked program was:
/* begin */
1: #include <windows.h>
2: #include <winsock.h>
3: 
4: /*top*/
5: int main() { return 0; }
6: int t() { void ((*volatile p)()); p = (void ((*)()))define_key; return 0; }
/* end */

"gcc -o conftest -I. -IC:/Ruby187/lib/ruby/1.8/i386-mingw32 -I.    -g -O2 -DFD_SETSIZE=256    -g conftest.c  -L. -LC:/Ruby187/lib -L.     -lpdcurses  -lmsvcrt-ruby18-static -lpdcurses  -lshell32 -lws2_32  "
C:\DOCUME~1\ADMINI~1\LOCALS~1\Temp/ccmK5RHy.o: In function `t':
C:/sam/code/ncursesw-ruby/conftest.c:3: undefined reference to `define_key'
collect2: ld returned 1 exit status
checked program was:
/* begin */
1: /*top*/
2: int main() { return 0; }
3: int t() { define_key(); return 0; }
/* end */

--------------------

have_func: checking for keyok()... -------------------- no

"gcc -o conftest -I. -IC:/Ruby187/lib/ruby/1.8/i386-mingw32 -I.    -g -O2 -DFD_SETSIZE=256    -g conftest.c  -L. -LC:/Ruby187/lib -L.     -lpdcurses  -lmsvcrt-ruby18-static -lpdcurses  -lshell32 -lws2_32  "
conftest.c: In function `t':
conftest.c:6: error: `keyok' undeclared (first use in this function)
conftest.c:6: error: (Each undeclared identifier is reported only once
conftest.c:6: error: for each function it appears in.)
checked program was:
/* begin */
1: #include <windows.h>
2: #include <winsock.h>
3: 
4: /*top*/
5: int main() { return 0; }
6: int t() { void ((*volatile p)()); p = (void ((*)()))keyok; return 0; }
/* end */

"gcc -o conftest -I. -IC:/Ruby187/lib/ruby/1.8/i386-mingw32 -I.    -g -O2 -DFD_SETSIZE=256    -g conftest.c  -L. -LC:/Ruby187/lib -L.     -lpdcurses  -lmsvcrt-ruby18-static -lpdcurses  -lshell32 -lws2_32  "
C:\DOCUME~1\ADMINI~1\LOCALS~1\Temp/ccoPtydF.o: In function `t':
C:/sam/code/ncursesw-ruby/conftest.c:3: undefined reference to `keyok'
collect2: ld returned 1 exit status
checked program was:
/* begin */
1: /*top*/
2: int main() { return 0; }
3: int t() { keyok(); return 0; }
/* end */

--------------------

have_func: checking for resizeterm()... -------------------- no

"gcc -o conftest -I. -IC:/Ruby187/lib/ruby/1.8/i386-mingw32 -I.    -g -O2 -DFD_SETSIZE=256    -g conftest.c  -L. -LC:/Ruby187/lib -L.     -lpdcurses  -lmsvcrt-ruby18-static -lpdcurses  -lshell32 -lws2_32  "
conftest.c: In function `t':
conftest.c:6: error: `resizeterm' undeclared (first use in this function)
conftest.c:6: error: (Each undeclared identifier is reported only once
conftest.c:6: error: for each function it appears in.)
checked program was:
/* begin */
1: #include <windows.h>
2: #include <winsock.h>
3: 
4: /*top*/
5: int main() { return 0; }
6: int t() { void ((*volatile p)()); p = (void ((*)()))resizeterm; return 0; }
/* end */

"gcc -o conftest -I. -IC:/Ruby187/lib/ruby/1.8/i386-mingw32 -I.    -g -O2 -DFD_SETSIZE=256    -g conftest.c  -L. -LC:/Ruby187/lib -L.     -lpdcurses  -lmsvcrt-ruby18-static -lpdcurses  -lshell32 -lws2_32  "
C:\DOCUME~1\ADMINI~1\LOCALS~1\Temp/ccC16lGv.o: In function `t':
C:/sam/code/ncursesw-ruby/conftest.c:3: undefined reference to `resizeterm'
collect2: ld returned 1 exit status
checked program was:
/* begin */
1: /*top*/
2: int main() { return 0; }
3: int t() { resizeterm(); return 0; }
/* end */

--------------------

have_func: checking for use_default_colors()... -------------------- yes

"gcc -o conftest -I. -IC:/Ruby187/lib/ruby/1.8/i386-mingw32 -I.    -g -O2 -DFD_SETSIZE=256    -g conftest.c  -L. -LC:/Ruby187/lib -L.     -lpdcurses  -lmsvcrt-ruby18-static -lpdcurses  -lshell32 -lws2_32  "
conftest.c: In function `t':
conftest.c:6: error: `use_default_colors' undeclared (first use in this function)
conftest.c:6: error: (Each undeclared identifier is reported only once
conftest.c:6: error: for each function it appears in.)
checked program was:
/* begin */
1: #include <windows.h>
2: #include <winsock.h>
3: 
4: /*top*/
5: int main() { return 0; }
6: int t() { void ((*volatile p)()); p = (void ((*)()))use_default_colors; return 0; }
/* end */

"gcc -o conftest -I. -IC:/Ruby187/lib/ruby/1.8/i386-mingw32 -I.    -g -O2 -DFD_SETSIZE=256    -g conftest.c  -L. -LC:/Ruby187/lib -L.     -lpdcurses  -lmsvcrt-ruby18-static -lpdcurses  -lshell32 -lws2_32  "
checked program was:
/* begin */
1: /*top*/
2: int main() { return 0; }
3: int t() { use_default_colors(); return 0; }
/* end */

--------------------

have_func: checking for use_extended_names()... -------------------- no

"gcc -o conftest -I. -IC:/Ruby187/lib/ruby/1.8/i386-mingw32 -I.    -g -O2 -DFD_SETSIZE=256    -g conftest.c  -L. -LC:/Ruby187/lib -L.     -lpdcurses  -lmsvcrt-ruby18-static -lpdcurses  -lshell32 -lws2_32  "
conftest.c: In function `t':
conftest.c:6: error: `use_extended_names' undeclared (first use in this function)
conftest.c:6: error: (Each undeclared identifier is reported only once
conftest.c:6: error: for each function it appears in.)
checked program was:
/* begin */
1: #include <windows.h>
2: #include <winsock.h>
3: 
4: /*top*/
5: int main() { return 0; }
6: int t() { void ((*volatile p)()); p = (void ((*)()))use_extended_names; return 0; }
/* end */

"gcc -o conftest -I. -IC:/Ruby187/lib/ruby/1.8/i386-mingw32 -I.    -g -O2 -DFD_SETSIZE=256    -g conftest.c  -L. -LC:/Ruby187/lib -L.     -lpdcurses  -lmsvcrt-ruby18-static -lpdcurses  -lshell32 -lws2_32  "
C:\DOCUME~1\ADMINI~1\LOCALS~1\Temp/ccyAaN4r.o: In function `t':
C:/sam/code/ncursesw-ruby/conftest.c:3: undefined reference to `use_extended_names'
collect2: ld returned 1 exit status
checked program was:
/* begin */
1: /*top*/
2: int main() { return 0; }
3: int t() { use_extended_names(); return 0; }
/* end */

--------------------

have_func: checking for wresize()... -------------------- yes

"gcc -o conftest -I. -IC:/Ruby187/lib/ruby/1.8/i386-mingw32 -I.    -g -O2 -DFD_SETSIZE=256    -g conftest.c  -L. -LC:/Ruby187/lib -L.     -lpdcurses  -lmsvcrt-ruby18-static -lpdcurses  -lshell32 -lws2_32  "
conftest.c: In function `t':
conftest.c:6: error: `wresize' undeclared (first use in this function)
conftest.c:6: error: (Each undeclared identifier is reported only once
conftest.c:6: error: for each function it appears in.)
checked program was:
/* begin */
1: #include <windows.h>
2: #include <winsock.h>
3: 
4: /*top*/
5: int main() { return 0; }
6: int t() { void ((*volatile p)()); p = (void ((*)()))wresize; return 0; }
/* end */

"gcc -o conftest -I. -IC:/Ruby187/lib/ruby/1.8/i386-mingw32 -I.    -g -O2 -DFD_SETSIZE=256    -g conftest.c  -L. -LC:/Ruby187/lib -L.     -lpdcurses  -lmsvcrt-ruby18-static -lpdcurses  -lshell32 -lws2_32  "
checked program was:
/* begin */
1: /*top*/
2: int main() { return 0; }
3: int t() { wresize(); return 0; }
/* end */

--------------------

have_func: checking for attr_on()... -------------------- yes

"gcc -o conftest -I. -IC:/Ruby187/lib/ruby/1.8/i386-mingw32 -I.    -g -O2 -DFD_SETSIZE=256    -g conftest.c  -L. -LC:/Ruby187/lib -L.     -lpdcurses  -lmsvcrt-ruby18-static -lpdcurses  -lshell32 -lws2_32  "
conftest.c: In function `t':
conftest.c:6: error: `attr_on' undeclared (first use in this function)
conftest.c:6: error: (Each undeclared identifier is reported only once
conftest.c:6: error: for each function it appears in.)
checked program was:
/* begin */
1: #include <windows.h>
2: #include <winsock.h>
3: 
4: /*top*/
5: int main() { return 0; }
6: int t() { void ((*volatile p)()); p = (void ((*)()))attr_on; return 0; }
/* end */

"gcc -o conftest -I. -IC:/Ruby187/lib/ruby/1.8/i386-mingw32 -I.    -g -O2 -DFD_SETSIZE=256    -g conftest.c  -L. -LC:/Ruby187/lib -L.     -lpdcurses  -lmsvcrt-ruby18-static -lpdcurses  -lshell32 -lws2_32  "
checked program was:
/* begin */
1: /*top*/
2: int main() { return 0; }
3: int t() { attr_on(); return 0; }
/* end */

--------------------

have_func: checking for attr_off()... -------------------- yes

"gcc -o conftest -I. -IC:/Ruby187/lib/ruby/1.8/i386-mingw32 -I.    -g -O2 -DFD_SETSIZE=256    -g conftest.c  -L. -LC:/Ruby187/lib -L.     -lpdcurses  -lmsvcrt-ruby18-static -lpdcurses  -lshell32 -lws2_32  "
conftest.c: In function `t':
conftest.c:6: error: `attr_off' undeclared (first use in this function)
conftest.c:6: error: (Each undeclared identifier is reported only once
conftest.c:6: error: for each function it appears in.)
checked program was:
/* begin */
1: #include <windows.h>
2: #include <winsock.h>
3: 
4: /*top*/
5: int main() { return 0; }
6: int t() { void ((*volatile p)()); p = (void ((*)()))attr_off; return 0; }
/* end */

"gcc -o conftest -I. -IC:/Ruby187/lib/ruby/1.8/i386-mingw32 -I.    -g -O2 -DFD_SETSIZE=256    -g conftest.c  -L. -LC:/Ruby187/lib -L.     -lpdcurses  -lmsvcrt-ruby18-static -lpdcurses  -lshell32 -lws2_32  "
checked program was:
/* begin */
1: /*top*/
2: int main() { return 0; }
3: int t() { attr_off(); return 0; }
/* end */

--------------------

have_func: checking for attr_set()... -------------------- yes

"gcc -o conftest -I. -IC:/Ruby187/lib/ruby/1.8/i386-mingw32 -I.    -g -O2 -DFD_SETSIZE=256    -g conftest.c  -L. -LC:/Ruby187/lib -L.     -lpdcurses  -lmsvcrt-ruby18-static -lpdcurses  -lshell32 -lws2_32  "
conftest.c: In function `t':
conftest.c:6: error: `attr_set' undeclared (first use in this function)
conftest.c:6: error: (Each undeclared identifier is reported only once
conftest.c:6: error: for each function it appears in.)
checked program was:
/* begin */
1: #include <windows.h>
2: #include <winsock.h>
3: 
4: /*top*/
5: int main() { return 0; }
6: int t() { void ((*volatile p)()); p = (void ((*)()))attr_set; return 0; }
/* end */

"gcc -o conftest -I. -IC:/Ruby187/lib/ruby/1.8/i386-mingw32 -I.    -g -O2 -DFD_SETSIZE=256    -g conftest.c  -L. -LC:/Ruby187/lib -L.     -lpdcurses  -lmsvcrt-ruby18-static -lpdcurses  -lshell32 -lws2_32  "
checked program was:
/* begin */
1: /*top*/
2: int main() { return 0; }
3: int t() { attr_set(); return 0; }
/* end */

--------------------

have_func: checking for chgat()... -------------------- yes

"gcc -o conftest -I. -IC:/Ruby187/lib/ruby/1.8/i386-mingw32 -I.    -g -O2 -DFD_SETSIZE=256    -g conftest.c  -L. -LC:/Ruby187/lib -L.     -lpdcurses  -lmsvcrt-ruby18-static -lpdcurses  -lshell32 -lws2_32  "
conftest.c: In function `t':
conftest.c:6: error: `chgat' undeclared (first use in this function)
conftest.c:6: error: (Each undeclared identifier is reported only once
conftest.c:6: error: for each function it appears in.)
checked program was:
/* begin */
1: #include <windows.h>
2: #include <winsock.h>
3: 
4: /*top*/
5: int main() { return 0; }
6: int t() { void ((*volatile p)()); p = (void ((*)()))chgat; return 0; }
/* end */

"gcc -o conftest -I. -IC:/Ruby187/lib/ruby/1.8/i386-mingw32 -I.    -g -O2 -DFD_SETSIZE=256    -g conftest.c  -L. -LC:/Ruby187/lib -L.     -lpdcurses  -lmsvcrt-ruby18-static -lpdcurses  -lshell32 -lws2_32  "
checked program was:
/* begin */
1: /*top*/
2: int main() { return 0; }
3: int t() { chgat(); return 0; }
/* end */

--------------------

have_func: checking for color_set()... -------------------- yes

"gcc -o conftest -I. -IC:/Ruby187/lib/ruby/1.8/i386-mingw32 -I.    -g -O2 -DFD_SETSIZE=256    -g conftest.c  -L. -LC:/Ruby187/lib -L.     -lpdcurses  -lmsvcrt-ruby18-static -lpdcurses  -lshell32 -lws2_32  "
conftest.c: In function `t':
conftest.c:6: error: `color_set' undeclared (first use in this function)
conftest.c:6: error: (Each undeclared identifier is reported only once
conftest.c:6: error: for each function it appears in.)
checked program was:
/* begin */
1: #include <windows.h>
2: #include <winsock.h>
3: 
4: /*top*/
5: int main() { return 0; }
6: int t() { void ((*volatile p)()); p = (void ((*)()))color_set; return 0; }
/* end */

"gcc -o conftest -I. -IC:/Ruby187/lib/ruby/1.8/i386-mingw32 -I.    -g -O2 -DFD_SETSIZE=256    -g conftest.c  -L. -LC:/Ruby187/lib -L.     -lpdcurses  -lmsvcrt-ruby18-static -lpdcurses  -lshell32 -lws2_32  "
checked program was:
/* begin */
1: /*top*/
2: int main() { return 0; }
3: int t() { color_set(); return 0; }
/* end */

--------------------

have_func: checking for filter()... -------------------- yes

"gcc -o conftest -I. -IC:/Ruby187/lib/ruby/1.8/i386-mingw32 -I.    -g -O2 -DFD_SETSIZE=256    -g conftest.c  -L. -LC:/Ruby187/lib -L.     -lpdcurses  -lmsvcrt-ruby18-static -lpdcurses  -lshell32 -lws2_32  "
conftest.c: In function `t':
conftest.c:6: error: `filter' undeclared (first use in this function)
conftest.c:6: error: (Each undeclared identifier is reported only once
conftest.c:6: error: for each function it appears in.)
checked program was:
/* begin */
1: #include <windows.h>
2: #include <winsock.h>
3: 
4: /*top*/
5: int main() { return 0; }
6: int t() { void ((*volatile p)()); p = (void ((*)()))filter; return 0; }
/* end */

"gcc -o conftest -I. -IC:/Ruby187/lib/ruby/1.8/i386-mingw32 -I.    -g -O2 -DFD_SETSIZE=256    -g conftest.c  -L. -LC:/Ruby187/lib -L.     -lpdcurses  -lmsvcrt-ruby18-static -lpdcurses  -lshell32 -lws2_32  "
checked program was:
/* begin */
1: /*top*/
2: int main() { return 0; }
3: int t() { filter(); return 0; }
/* end */

--------------------

have_func: checking for intrflush()... -------------------- yes

"gcc -o conftest -I. -IC:/Ruby187/lib/ruby/1.8/i386-mingw32 -I.    -g -O2 -DFD_SETSIZE=256    -g conftest.c  -L. -LC:/Ruby187/lib -L.     -lpdcurses  -lmsvcrt-ruby18-static -lpdcurses  -lshell32 -lws2_32  "
conftest.c: In function `t':
conftest.c:6: error: `intrflush' undeclared (first use in this function)
conftest.c:6: error: (Each undeclared identifier is reported only once
conftest.c:6: error: for each function it appears in.)
checked program was:
/* begin */
1: #include <windows.h>
2: #include <winsock.h>
3: 
4: /*top*/
5: int main() { return 0; }
6: int t() { void ((*volatile p)()); p = (void ((*)()))intrflush; return 0; }
/* end */

"gcc -o conftest -I. -IC:/Ruby187/lib/ruby/1.8/i386-mingw32 -I.    -g -O2 -DFD_SETSIZE=256    -g conftest.c  -L. -LC:/Ruby187/lib -L.     -lpdcurses  -lmsvcrt-ruby18-static -lpdcurses  -lshell32 -lws2_32  "
checked program was:
/* begin */
1: /*top*/
2: int main() { return 0; }
3: int t() { intrflush(); return 0; }
/* end */

--------------------

have_func: checking for mvchgat()... -------------------- yes

"gcc -o conftest -I. -IC:/Ruby187/lib/ruby/1.8/i386-mingw32 -I.    -g -O2 -DFD_SETSIZE=256    -g conftest.c  -L. -LC:/Ruby187/lib -L.     -lpdcurses  -lmsvcrt-ruby18-static -lpdcurses  -lshell32 -lws2_32  "
conftest.c: In function `t':
conftest.c:6: error: `mvchgat' undeclared (first use in this function)
conftest.c:6: error: (Each undeclared identifier is reported only once
conftest.c:6: error: for each function it appears in.)
checked program was:
/* begin */
1: #include <windows.h>
2: #include <winsock.h>
3: 
4: /*top*/
5: int main() { return 0; }
6: int t() { void ((*volatile p)()); p = (void ((*)()))mvchgat; return 0; }
/* end */

"gcc -o conftest -I. -IC:/Ruby187/lib/ruby/1.8/i386-mingw32 -I.    -g -O2 -DFD_SETSIZE=256    -g conftest.c  -L. -LC:/Ruby187/lib -L.     -lpdcurses  -lmsvcrt-ruby18-static -lpdcurses  -lshell32 -lws2_32  "
checked program was:
/* begin */
1: /*top*/
2: int main() { return 0; }
3: int t() { mvchgat(); return 0; }
/* end */

--------------------

have_func: checking for mvhline()... -------------------- yes

"gcc -o conftest -I. -IC:/Ruby187/lib/ruby/1.8/i386-mingw32 -I.    -g -O2 -DFD_SETSIZE=256    -g conftest.c  -L. -LC:/Ruby187/lib -L.     -lpdcurses  -lmsvcrt-ruby18-static -lpdcurses  -lshell32 -lws2_32  "
conftest.c: In function `t':
conftest.c:6: error: `mvhline' undeclared (first use in this function)
conftest.c:6: error: (Each undeclared identifier is reported only once
conftest.c:6: error: for each function it appears in.)
checked program was:
/* begin */
1: #include <windows.h>
2: #include <winsock.h>
3: 
4: /*top*/
5: int main() { return 0; }
6: int t() { void ((*volatile p)()); p = (void ((*)()))mvhline; return 0; }
/* end */

"gcc -o conftest -I. -IC:/Ruby187/lib/ruby/1.8/i386-mingw32 -I.    -g -O2 -DFD_SETSIZE=256    -g conftest.c  -L. -LC:/Ruby187/lib -L.     -lpdcurses  -lmsvcrt-ruby18-static -lpdcurses  -lshell32 -lws2_32  "
checked program was:
/* begin */
1: /*top*/
2: int main() { return 0; }
3: int t() { mvhline(); return 0; }
/* end */

--------------------

have_func: checking for mvvline()... -------------------- yes

"gcc -o conftest -I. -IC:/Ruby187/lib/ruby/1.8/i386-mingw32 -I.    -g -O2 -DFD_SETSIZE=256    -g conftest.c  -L. -LC:/Ruby187/lib -L.     -lpdcurses  -lmsvcrt-ruby18-static -lpdcurses  -lshell32 -lws2_32  "
conftest.c: In function `t':
conftest.c:6: error: `mvvline' undeclared (first use in this function)
conftest.c:6: error: (Each undeclared identifier is reported only once
conftest.c:6: error: for each function it appears in.)
checked program was:
/* begin */
1: #include <windows.h>
2: #include <winsock.h>
3: 
4: /*top*/
5: int main() { return 0; }
6: int t() { void ((*volatile p)()); p = (void ((*)()))mvvline; return 0; }
/* end */

"gcc -o conftest -I. -IC:/Ruby187/lib/ruby/1.8/i386-mingw32 -I.    -g -O2 -DFD_SETSIZE=256    -g conftest.c  -L. -LC:/Ruby187/lib -L.     -lpdcurses  -lmsvcrt-ruby18-static -lpdcurses  -lshell32 -lws2_32  "
checked program was:
/* begin */
1: /*top*/
2: int main() { return 0; }
3: int t() { mvvline(); return 0; }
/* end */

--------------------

have_func: checking for mvwchgat()... -------------------- yes

"gcc -o conftest -I. -IC:/Ruby187/lib/ruby/1.8/i386-mingw32 -I.    -g -O2 -DFD_SETSIZE=256    -g conftest.c  -L. -LC:/Ruby187/lib -L.     -lpdcurses  -lmsvcrt-ruby18-static -lpdcurses  -lshell32 -lws2_32  "
conftest.c: In function `t':
conftest.c:6: error: `mvwchgat' undeclared (first use in this function)
conftest.c:6: error: (Each undeclared identifier is reported only once
conftest.c:6: error: for each function it appears in.)
checked program was:
/* begin */
1: #include <windows.h>
2: #include <winsock.h>
3: 
4: /*top*/
5: int main() { return 0; }
6: int t() { void ((*volatile p)()); p = (void ((*)()))mvwchgat; return 0; }
/* end */

"gcc -o conftest -I. -IC:/Ruby187/lib/ruby/1.8/i386-mingw32 -I.    -g -O2 -DFD_SETSIZE=256    -g conftest.c  -L. -LC:/Ruby187/lib -L.     -lpdcurses  -lmsvcrt-ruby18-static -lpdcurses  -lshell32 -lws2_32  "
checked program was:
/* begin */
1: /*top*/
2: int main() { return 0; }
3: int t() { mvwchgat(); return 0; }
/* end */

--------------------

have_func: checking for mvwhline()... -------------------- yes

"gcc -o conftest -I. -IC:/Ruby187/lib/ruby/1.8/i386-mingw32 -I.    -g -O2 -DFD_SETSIZE=256    -g conftest.c  -L. -LC:/Ruby187/lib -L.     -lpdcurses  -lmsvcrt-ruby18-static -lpdcurses  -lshell32 -lws2_32  "
conftest.c: In function `t':
conftest.c:6: error: `mvwhline' undeclared (first use in this function)
conftest.c:6: error: (Each undeclared identifier is reported only once
conftest.c:6: error: for each function it appears in.)
checked program was:
/* begin */
1: #include <windows.h>
2: #include <winsock.h>
3: 
4: /*top*/
5: int main() { return 0; }
6: int t() { void ((*volatile p)()); p = (void ((*)()))mvwhline; return 0; }
/* end */

"gcc -o conftest -I. -IC:/Ruby187/lib/ruby/1.8/i386-mingw32 -I.    -g -O2 -DFD_SETSIZE=256    -g conftest.c  -L. -LC:/Ruby187/lib -L.     -lpdcurses  -lmsvcrt-ruby18-static -lpdcurses  -lshell32 -lws2_32  "
checked program was:
/* begin */
1: /*top*/
2: int main() { return 0; }
3: int t() { mvwhline(); return 0; }
/* end */

--------------------

have_func: checking for mvwvline()... -------------------- yes

"gcc -o conftest -I. -IC:/Ruby187/lib/ruby/1.8/i386-mingw32 -I.    -g -O2 -DFD_SETSIZE=256    -g conftest.c  -L. -LC:/Ruby187/lib -L.     -lpdcurses  -lmsvcrt-ruby18-static -lpdcurses  -lshell32 -lws2_32  "
conftest.c: In function `t':
conftest.c:6: error: `mvwvline' undeclared (first use in this function)
conftest.c:6: error: (Each undeclared identifier is reported only once
conftest.c:6: error: for each function it appears in.)
checked program was:
/* begin */
1: #include <windows.h>
2: #include <winsock.h>
3: 
4: /*top*/
5: int main() { return 0; }
6: int t() { void ((*volatile p)()); p = (void ((*)()))mvwvline; return 0; }
/* end */

"gcc -o conftest -I. -IC:/Ruby187/lib/ruby/1.8/i386-mingw32 -I.    -g -O2 -DFD_SETSIZE=256    -g conftest.c  -L. -LC:/Ruby187/lib -L.     -lpdcurses  -lmsvcrt-ruby18-static -lpdcurses  -lshell32 -lws2_32  "
checked program was:
/* begin */
1: /*top*/
2: int main() { return 0; }
3: int t() { mvwvline(); return 0; }
/* end */

--------------------

have_func: checking for noqiflush()... -------------------- yes

"gcc -o conftest -I. -IC:/Ruby187/lib/ruby/1.8/i386-mingw32 -I.    -g -O2 -DFD_SETSIZE=256    -g conftest.c  -L. -LC:/Ruby187/lib -L.     -lpdcurses  -lmsvcrt-ruby18-static -lpdcurses  -lshell32 -lws2_32  "
conftest.c: In function `t':
conftest.c:6: error: `noqiflush' undeclared (first use in this function)
conftest.c:6: error: (Each undeclared identifier is reported only once
conftest.c:6: error: for each function it appears in.)
checked program was:
/* begin */
1: #include <windows.h>
2: #include <winsock.h>
3: 
4: /*top*/
5: int main() { return 0; }
6: int t() { void ((*volatile p)()); p = (void ((*)()))noqiflush; return 0; }
/* end */

"gcc -o conftest -I. -IC:/Ruby187/lib/ruby/1.8/i386-mingw32 -I.    -g -O2 -DFD_SETSIZE=256    -g conftest.c  -L. -LC:/Ruby187/lib -L.     -lpdcurses  -lmsvcrt-ruby18-static -lpdcurses  -lshell32 -lws2_32  "
checked program was:
/* begin */
1: /*top*/
2: int main() { return 0; }
3: int t() { noqiflush(); return 0; }
/* end */

--------------------

have_func: checking for putp()... -------------------- yes

"gcc -o conftest -I. -IC:/Ruby187/lib/ruby/1.8/i386-mingw32 -I.    -g -O2 -DFD_SETSIZE=256    -g conftest.c  -L. -LC:/Ruby187/lib -L.     -lpdcurses  -lmsvcrt-ruby18-static -lpdcurses  -lshell32 -lws2_32  "
conftest.c: In function `t':
conftest.c:6: error: `putp' undeclared (first use in this function)
conftest.c:6: error: (Each undeclared identifier is reported only once
conftest.c:6: error: for each function it appears in.)
checked program was:
/* begin */
1: #include <windows.h>
2: #include <winsock.h>
3: 
4: /*top*/
5: int main() { return 0; }
6: int t() { void ((*volatile p)()); p = (void ((*)()))putp; return 0; }
/* end */

"gcc -o conftest -I. -IC:/Ruby187/lib/ruby/1.8/i386-mingw32 -I.    -g -O2 -DFD_SETSIZE=256    -g conftest.c  -L. -LC:/Ruby187/lib -L.     -lpdcurses  -lmsvcrt-ruby18-static -lpdcurses  -lshell32 -lws2_32  "
checked program was:
/* begin */
1: /*top*/
2: int main() { return 0; }
3: int t() { putp(); return 0; }
/* end */

--------------------

have_func: checking for qiflush()... -------------------- yes

"gcc -o conftest -I. -IC:/Ruby187/lib/ruby/1.8/i386-mingw32 -I.    -g -O2 -DFD_SETSIZE=256    -g conftest.c  -L. -LC:/Ruby187/lib -L.     -lpdcurses  -lmsvcrt-ruby18-static -lpdcurses  -lshell32 -lws2_32  "
conftest.c: In function `t':
conftest.c:6: error: `qiflush' undeclared (first use in this function)
conftest.c:6: error: (Each undeclared identifier is reported only once
conftest.c:6: error: for each function it appears in.)
checked program was:
/* begin */
1: #include <windows.h>
2: #include <winsock.h>
3: 
4: /*top*/
5: int main() { return 0; }
6: int t() { void ((*volatile p)()); p = (void ((*)()))qiflush; return 0; }
/* end */

"gcc -o conftest -I. -IC:/Ruby187/lib/ruby/1.8/i386-mingw32 -I.    -g -O2 -DFD_SETSIZE=256    -g conftest.c  -L. -LC:/Ruby187/lib -L.     -lpdcurses  -lmsvcrt-ruby18-static -lpdcurses  -lshell32 -lws2_32  "
checked program was:
/* begin */
1: /*top*/
2: int main() { return 0; }
3: int t() { qiflush(); return 0; }
/* end */

--------------------

have_func: checking for scr_dump()... -------------------- yes

"gcc -o conftest -I. -IC:/Ruby187/lib/ruby/1.8/i386-mingw32 -I.    -g -O2 -DFD_SETSIZE=256    -g conftest.c  -L. -LC:/Ruby187/lib -L.     -lpdcurses  -lmsvcrt-ruby18-static -lpdcurses  -lshell32 -lws2_32  "
conftest.c: In function `t':
conftest.c:6: error: `scr_dump' undeclared (first use in this function)
conftest.c:6: error: (Each undeclared identifier is reported only once
conftest.c:6: error: for each function it appears in.)
checked program was:
/* begin */
1: #include <windows.h>
2: #include <winsock.h>
3: 
4: /*top*/
5: int main() { return 0; }
6: int t() { void ((*volatile p)()); p = (void ((*)()))scr_dump; return 0; }
/* end */

"gcc -o conftest -I. -IC:/Ruby187/lib/ruby/1.8/i386-mingw32 -I.    -g -O2 -DFD_SETSIZE=256    -g conftest.c  -L. -LC:/Ruby187/lib -L.     -lpdcurses  -lmsvcrt-ruby18-static -lpdcurses  -lshell32 -lws2_32  "
checked program was:
/* begin */
1: /*top*/
2: int main() { return 0; }
3: int t() { scr_dump(); return 0; }
/* end */

--------------------

have_func: checking for scr_init()... -------------------- yes

"gcc -o conftest -I. -IC:/Ruby187/lib/ruby/1.8/i386-mingw32 -I.    -g -O2 -DFD_SETSIZE=256    -g conftest.c  -L. -LC:/Ruby187/lib -L.     -lpdcurses  -lmsvcrt-ruby18-static -lpdcurses  -lshell32 -lws2_32  "
conftest.c: In function `t':
conftest.c:6: error: `scr_init' undeclared (first use in this function)
conftest.c:6: error: (Each undeclared identifier is reported only once
conftest.c:6: error: for each function it appears in.)
checked program was:
/* begin */
1: #include <windows.h>
2: #include <winsock.h>
3: 
4: /*top*/
5: int main() { return 0; }
6: int t() { void ((*volatile p)()); p = (void ((*)()))scr_init; return 0; }
/* end */

"gcc -o conftest -I. -IC:/Ruby187/lib/ruby/1.8/i386-mingw32 -I.    -g -O2 -DFD_SETSIZE=256    -g conftest.c  -L. -LC:/Ruby187/lib -L.     -lpdcurses  -lmsvcrt-ruby18-static -lpdcurses  -lshell32 -lws2_32  "
checked program was:
/* begin */
1: /*top*/
2: int main() { return 0; }
3: int t() { scr_init(); return 0; }
/* end */

--------------------

have_func: checking for scr_restore()... -------------------- yes

"gcc -o conftest -I. -IC:/Ruby187/lib/ruby/1.8/i386-mingw32 -I.    -g -O2 -DFD_SETSIZE=256    -g conftest.c  -L. -LC:/Ruby187/lib -L.     -lpdcurses  -lmsvcrt-ruby18-static -lpdcurses  -lshell32 -lws2_32  "
conftest.c: In function `t':
conftest.c:6: error: `scr_restore' undeclared (first use in this function)
conftest.c:6: error: (Each undeclared identifier is reported only once
conftest.c:6: error: for each function it appears in.)
checked program was:
/* begin */
1: #include <windows.h>
2: #include <winsock.h>
3: 
4: /*top*/
5: int main() { return 0; }
6: int t() { void ((*volatile p)()); p = (void ((*)()))scr_restore; return 0; }
/* end */

"gcc -o conftest -I. -IC:/Ruby187/lib/ruby/1.8/i386-mingw32 -I.    -g -O2 -DFD_SETSIZE=256    -g conftest.c  -L. -LC:/Ruby187/lib -L.     -lpdcurses  -lmsvcrt-ruby18-static -lpdcurses  -lshell32 -lws2_32  "
checked program was:
/* begin */
1: /*top*/
2: int main() { return 0; }
3: int t() { scr_restore(); return 0; }
/* end */

--------------------

have_func: checking for scr_set()... -------------------- yes

"gcc -o conftest -I. -IC:/Ruby187/lib/ruby/1.8/i386-mingw32 -I.    -g -O2 -DFD_SETSIZE=256    -g conftest.c  -L. -LC:/Ruby187/lib -L.     -lpdcurses  -lmsvcrt-ruby18-static -lpdcurses  -lshell32 -lws2_32  "
conftest.c: In function `t':
conftest.c:6: error: `scr_set' undeclared (first use in this function)
conftest.c:6: error: (Each undeclared identifier is reported only once
conftest.c:6: error: for each function it appears in.)
checked program was:
/* begin */
1: #include <windows.h>
2: #include <winsock.h>
3: 
4: /*top*/
5: int main() { return 0; }
6: int t() { void ((*volatile p)()); p = (void ((*)()))scr_set; return 0; }
/* end */

"gcc -o conftest -I. -IC:/Ruby187/lib/ruby/1.8/i386-mingw32 -I.    -g -O2 -DFD_SETSIZE=256    -g conftest.c  -L. -LC:/Ruby187/lib -L.     -lpdcurses  -lmsvcrt-ruby18-static -lpdcurses  -lshell32 -lws2_32  "
checked program was:
/* begin */
1: /*top*/
2: int main() { return 0; }
3: int t() { scr_set(); return 0; }
/* end */

--------------------

have_func: checking for slk_attr_off()... -------------------- yes

"gcc -o conftest -I. -IC:/Ruby187/lib/ruby/1.8/i386-mingw32 -I.    -g -O2 -DFD_SETSIZE=256    -g conftest.c  -L. -LC:/Ruby187/lib -L.     -lpdcurses  -lmsvcrt-ruby18-static -lpdcurses  -lshell32 -lws2_32  "
conftest.c: In function `t':
conftest.c:6: error: `slk_attr_off' undeclared (first use in this function)
conftest.c:6: error: (Each undeclared identifier is reported only once
conftest.c:6: error: for each function it appears in.)
checked program was:
/* begin */
1: #include <windows.h>
2: #include <winsock.h>
3: 
4: /*top*/
5: int main() { return 0; }
6: int t() { void ((*volatile p)()); p = (void ((*)()))slk_attr_off; return 0; }
/* end */

"gcc -o conftest -I. -IC:/Ruby187/lib/ruby/1.8/i386-mingw32 -I.    -g -O2 -DFD_SETSIZE=256    -g conftest.c  -L. -LC:/Ruby187/lib -L.     -lpdcurses  -lmsvcrt-ruby18-static -lpdcurses  -lshell32 -lws2_32  "
checked program was:
/* begin */
1: /*top*/
2: int main() { return 0; }
3: int t() { slk_attr_off(); return 0; }
/* end */

--------------------

have_func: checking for slk_attr_on()... -------------------- yes

"gcc -o conftest -I. -IC:/Ruby187/lib/ruby/1.8/i386-mingw32 -I.    -g -O2 -DFD_SETSIZE=256    -g conftest.c  -L. -LC:/Ruby187/lib -L.     -lpdcurses  -lmsvcrt-ruby18-static -lpdcurses  -lshell32 -lws2_32  "
conftest.c: In function `t':
conftest.c:6: error: `slk_attr_on' undeclared (first use in this function)
conftest.c:6: error: (Each undeclared identifier is reported only once
conftest.c:6: error: for each function it appears in.)
checked program was:
/* begin */
1: #include <windows.h>
2: #include <winsock.h>
3: 
4: /*top*/
5: int main() { return 0; }
6: int t() { void ((*volatile p)()); p = (void ((*)()))slk_attr_on; return 0; }
/* end */

"gcc -o conftest -I. -IC:/Ruby187/lib/ruby/1.8/i386-mingw32 -I.    -g -O2 -DFD_SETSIZE=256    -g conftest.c  -L. -LC:/Ruby187/lib -L.     -lpdcurses  -lmsvcrt-ruby18-static -lpdcurses  -lshell32 -lws2_32  "
checked program was:
/* begin */
1: /*top*/
2: int main() { return 0; }
3: int t() { slk_attr_on(); return 0; }
/* end */

--------------------

have_func: checking for slk_attr()... -------------------- no

"gcc -o conftest -I. -IC:/Ruby187/lib/ruby/1.8/i386-mingw32 -I.    -g -O2 -DFD_SETSIZE=256    -g conftest.c  -L. -LC:/Ruby187/lib -L.     -lpdcurses  -lmsvcrt-ruby18-static -lpdcurses  -lshell32 -lws2_32  "
conftest.c: In function `t':
conftest.c:6: error: `slk_attr' undeclared (first use in this function)
conftest.c:6: error: (Each undeclared identifier is reported only once
conftest.c:6: error: for each function it appears in.)
checked program was:
/* begin */
1: #include <windows.h>
2: #include <winsock.h>
3: 
4: /*top*/
5: int main() { return 0; }
6: int t() { void ((*volatile p)()); p = (void ((*)()))slk_attr; return 0; }
/* end */

"gcc -o conftest -I. -IC:/Ruby187/lib/ruby/1.8/i386-mingw32 -I.    -g -O2 -DFD_SETSIZE=256    -g conftest.c  -L. -LC:/Ruby187/lib -L.     -lpdcurses  -lmsvcrt-ruby18-static -lpdcurses  -lshell32 -lws2_32  "
C:\DOCUME~1\ADMINI~1\LOCALS~1\Temp/cc4o2NM3.o: In function `t':
C:/sam/code/ncursesw-ruby/conftest.c:3: undefined reference to `slk_attr'
collect2: ld returned 1 exit status
checked program was:
/* begin */
1: /*top*/
2: int main() { return 0; }
3: int t() { slk_attr(); return 0; }
/* end */

--------------------

have_func: checking for slk_attr_set()... -------------------- yes

"gcc -o conftest -I. -IC:/Ruby187/lib/ruby/1.8/i386-mingw32 -I.    -g -O2 -DFD_SETSIZE=256    -g conftest.c  -L. -LC:/Ruby187/lib -L.     -lpdcurses  -lmsvcrt-ruby18-static -lpdcurses  -lshell32 -lws2_32  "
conftest.c: In function `t':
conftest.c:6: error: `slk_attr_set' undeclared (first use in this function)
conftest.c:6: error: (Each undeclared identifier is reported only once
conftest.c:6: error: for each function it appears in.)
checked program was:
/* begin */
1: #include <windows.h>
2: #include <winsock.h>
3: 
4: /*top*/
5: int main() { return 0; }
6: int t() { void ((*volatile p)()); p = (void ((*)()))slk_attr_set; return 0; }
/* end */

"gcc -o conftest -I. -IC:/Ruby187/lib/ruby/1.8/i386-mingw32 -I.    -g -O2 -DFD_SETSIZE=256    -g conftest.c  -L. -LC:/Ruby187/lib -L.     -lpdcurses  -lmsvcrt-ruby18-static -lpdcurses  -lshell32 -lws2_32  "
checked program was:
/* begin */
1: /*top*/
2: int main() { return 0; }
3: int t() { slk_attr_set(); return 0; }
/* end */

--------------------

have_func: checking for slk_color()... -------------------- yes

"gcc -o conftest -I. -IC:/Ruby187/lib/ruby/1.8/i386-mingw32 -I.    -g -O2 -DFD_SETSIZE=256    -g conftest.c  -L. -LC:/Ruby187/lib -L.     -lpdcurses  -lmsvcrt-ruby18-static -lpdcurses  -lshell32 -lws2_32  "
conftest.c: In function `t':
conftest.c:6: error: `slk_color' undeclared (first use in this function)
conftest.c:6: error: (Each undeclared identifier is reported only once
conftest.c:6: error: for each function it appears in.)
checked program was:
/* begin */
1: #include <windows.h>
2: #include <winsock.h>
3: 
4: /*top*/
5: int main() { return 0; }
6: int t() { void ((*volatile p)()); p = (void ((*)()))slk_color; return 0; }
/* end */

"gcc -o conftest -I. -IC:/Ruby187/lib/ruby/1.8/i386-mingw32 -I.    -g -O2 -DFD_SETSIZE=256    -g conftest.c  -L. -LC:/Ruby187/lib -L.     -lpdcurses  -lmsvcrt-ruby18-static -lpdcurses  -lshell32 -lws2_32  "
checked program was:
/* begin */
1: /*top*/
2: int main() { return 0; }
3: int t() { slk_color(); return 0; }
/* end */

--------------------

have_func: checking for tigetflag()... -------------------- yes

"gcc -o conftest -I. -IC:/Ruby187/lib/ruby/1.8/i386-mingw32 -I.    -g -O2 -DFD_SETSIZE=256    -g conftest.c  -L. -LC:/Ruby187/lib -L.     -lpdcurses  -lmsvcrt-ruby18-static -lpdcurses  -lshell32 -lws2_32  "
conftest.c: In function `t':
conftest.c:6: error: `tigetflag' undeclared (first use in this function)
conftest.c:6: error: (Each undeclared identifier is reported only once
conftest.c:6: error: for each function it appears in.)
checked program was:
/* begin */
1: #include <windows.h>
2: #include <winsock.h>
3: 
4: /*top*/
5: int main() { return 0; }
6: int t() { void ((*volatile p)()); p = (void ((*)()))tigetflag; return 0; }
/* end */

"gcc -o conftest -I. -IC:/Ruby187/lib/ruby/1.8/i386-mingw32 -I.    -g -O2 -DFD_SETSIZE=256    -g conftest.c  -L. -LC:/Ruby187/lib -L.     -lpdcurses  -lmsvcrt-ruby18-static -lpdcurses  -lshell32 -lws2_32  "
checked program was:
/* begin */
1: /*top*/
2: int main() { return 0; }
3: int t() { tigetflag(); return 0; }
/* end */

--------------------

have_func: checking for tigetnum()... -------------------- yes

"gcc -o conftest -I. -IC:/Ruby187/lib/ruby/1.8/i386-mingw32 -I.    -g -O2 -DFD_SETSIZE=256    -g conftest.c  -L. -LC:/Ruby187/lib -L.     -lpdcurses  -lmsvcrt-ruby18-static -lpdcurses  -lshell32 -lws2_32  "
conftest.c: In function `t':
conftest.c:6: error: `tigetnum' undeclared (first use in this function)
conftest.c:6: error: (Each undeclared identifier is reported only once
conftest.c:6: error: for each function it appears in.)
checked program was:
/* begin */
1: #include <windows.h>
2: #include <winsock.h>
3: 
4: /*top*/
5: int main() { return 0; }
6: int t() { void ((*volatile p)()); p = (void ((*)()))tigetnum; return 0; }
/* end */

"gcc -o conftest -I. -IC:/Ruby187/lib/ruby/1.8/i386-mingw32 -I.    -g -O2 -DFD_SETSIZE=256    -g conftest.c  -L. -LC:/Ruby187/lib -L.     -lpdcurses  -lmsvcrt-ruby18-static -lpdcurses  -lshell32 -lws2_32  "
checked program was:
/* begin */
1: /*top*/
2: int main() { return 0; }
3: int t() { tigetnum(); return 0; }
/* end */

--------------------

have_func: checking for use_env()... -------------------- yes

"gcc -o conftest -I. -IC:/Ruby187/lib/ruby/1.8/i386-mingw32 -I.    -g -O2 -DFD_SETSIZE=256    -g conftest.c  -L. -LC:/Ruby187/lib -L.     -lpdcurses  -lmsvcrt-ruby18-static -lpdcurses  -lshell32 -lws2_32  "
conftest.c: In function `t':
conftest.c:6: error: `use_env' undeclared (first use in this function)
conftest.c:6: error: (Each undeclared identifier is reported only once
conftest.c:6: error: for each function it appears in.)
checked program was:
/* begin */
1: #include <windows.h>
2: #include <winsock.h>
3: 
4: /*top*/
5: int main() { return 0; }
6: int t() { void ((*volatile p)()); p = (void ((*)()))use_env; return 0; }
/* end */

"gcc -o conftest -I. -IC:/Ruby187/lib/ruby/1.8/i386-mingw32 -I.    -g -O2 -DFD_SETSIZE=256    -g conftest.c  -L. -LC:/Ruby187/lib -L.     -lpdcurses  -lmsvcrt-ruby18-static -lpdcurses  -lshell32 -lws2_32  "
checked program was:
/* begin */
1: /*top*/
2: int main() { return 0; }
3: int t() { use_env(); return 0; }
/* end */

--------------------

have_func: checking for vidattr()... -------------------- yes

"gcc -o conftest -I. -IC:/Ruby187/lib/ruby/1.8/i386-mingw32 -I.    -g -O2 -DFD_SETSIZE=256    -g conftest.c  -L. -LC:/Ruby187/lib -L.     -lpdcurses  -lmsvcrt-ruby18-static -lpdcurses  -lshell32 -lws2_32  "
conftest.c: In function `t':
conftest.c:6: error: `vidattr' undeclared (first use in this function)
conftest.c:6: error: (Each undeclared identifier is reported only once
conftest.c:6: error: for each function it appears in.)
checked program was:
/* begin */
1: #include <windows.h>
2: #include <winsock.h>
3: 
4: /*top*/
5: int main() { return 0; }
6: int t() { void ((*volatile p)()); p = (void ((*)()))vidattr; return 0; }
/* end */

"gcc -o conftest -I. -IC:/Ruby187/lib/ruby/1.8/i386-mingw32 -I.    -g -O2 -DFD_SETSIZE=256    -g conftest.c  -L. -LC:/Ruby187/lib -L.     -lpdcurses  -lmsvcrt-ruby18-static -lpdcurses  -lshell32 -lws2_32  "
checked program was:
/* begin */
1: /*top*/
2: int main() { return 0; }
3: int t() { vidattr(); return 0; }
/* end */

--------------------

have_func: checking for vid_attr()... -------------------- yes

"gcc -o conftest -I. -IC:/Ruby187/lib/ruby/1.8/i386-mingw32 -I.    -g -O2 -DFD_SETSIZE=256    -g conftest.c  -L. -LC:/Ruby187/lib -L.     -lpdcurses  -lmsvcrt-ruby18-static -lpdcurses  -lshell32 -lws2_32  "
conftest.c: In function `t':
conftest.c:6: error: `vid_attr' undeclared (first use in this function)
conftest.c:6: error: (Each undeclared identifier is reported only once
conftest.c:6: error: for each function it appears in.)
checked program was:
/* begin */
1: #include <windows.h>
2: #include <winsock.h>
3: 
4: /*top*/
5: int main() { return 0; }
6: int t() { void ((*volatile p)()); p = (void ((*)()))vid_attr; return 0; }
/* end */

"gcc -o conftest -I. -IC:/Ruby187/lib/ruby/1.8/i386-mingw32 -I.    -g -O2 -DFD_SETSIZE=256    -g conftest.c  -L. -LC:/Ruby187/lib -L.     -lpdcurses  -lmsvcrt-ruby18-static -lpdcurses  -lshell32 -lws2_32  "
checked program was:
/* begin */
1: /*top*/
2: int main() { return 0; }
3: int t() { vid_attr(); return 0; }
/* end */

--------------------

have_func: checking for wattr_on()... -------------------- yes

"gcc -o conftest -I. -IC:/Ruby187/lib/ruby/1.8/i386-mingw32 -I.    -g -O2 -DFD_SETSIZE=256    -g conftest.c  -L. -LC:/Ruby187/lib -L.     -lpdcurses  -lmsvcrt-ruby18-static -lpdcurses  -lshell32 -lws2_32  "
conftest.c: In function `t':
conftest.c:6: error: `wattr_on' undeclared (first use in this function)
conftest.c:6: error: (Each undeclared identifier is reported only once
conftest.c:6: error: for each function it appears in.)
checked program was:
/* begin */
1: #include <windows.h>
2: #include <winsock.h>
3: 
4: /*top*/
5: int main() { return 0; }
6: int t() { void ((*volatile p)()); p = (void ((*)()))wattr_on; return 0; }
/* end */

"gcc -o conftest -I. -IC:/Ruby187/lib/ruby/1.8/i386-mingw32 -I.    -g -O2 -DFD_SETSIZE=256    -g conftest.c  -L. -LC:/Ruby187/lib -L.     -lpdcurses  -lmsvcrt-ruby18-static -lpdcurses  -lshell32 -lws2_32  "
checked program was:
/* begin */
1: /*top*/
2: int main() { return 0; }
3: int t() { wattr_on(); return 0; }
/* end */

--------------------

have_func: checking for wattr_off()... -------------------- yes

"gcc -o conftest -I. -IC:/Ruby187/lib/ruby/1.8/i386-mingw32 -I.    -g -O2 -DFD_SETSIZE=256    -g conftest.c  -L. -LC:/Ruby187/lib -L.     -lpdcurses  -lmsvcrt-ruby18-static -lpdcurses  -lshell32 -lws2_32  "
conftest.c: In function `t':
conftest.c:6: error: `wattr_off' undeclared (first use in this function)
conftest.c:6: error: (Each undeclared identifier is reported only once
conftest.c:6: error: for each function it appears in.)
checked program was:
/* begin */
1: #include <windows.h>
2: #include <winsock.h>
3: 
4: /*top*/
5: int main() { return 0; }
6: int t() { void ((*volatile p)()); p = (void ((*)()))wattr_off; return 0; }
/* end */

"gcc -o conftest -I. -IC:/Ruby187/lib/ruby/1.8/i386-mingw32 -I.    -g -O2 -DFD_SETSIZE=256    -g conftest.c  -L. -LC:/Ruby187/lib -L.     -lpdcurses  -lmsvcrt-ruby18-static -lpdcurses  -lshell32 -lws2_32  "
checked program was:
/* begin */
1: /*top*/
2: int main() { return 0; }
3: int t() { wattr_off(); return 0; }
/* end */

--------------------

have_func: checking for wattr_set()... -------------------- yes

"gcc -o conftest -I. -IC:/Ruby187/lib/ruby/1.8/i386-mingw32 -I.    -g -O2 -DFD_SETSIZE=256    -g conftest.c  -L. -LC:/Ruby187/lib -L.     -lpdcurses  -lmsvcrt-ruby18-static -lpdcurses  -lshell32 -lws2_32  "
conftest.c: In function `t':
conftest.c:6: error: `wattr_set' undeclared (first use in this function)
conftest.c:6: error: (Each undeclared identifier is reported only once
conftest.c:6: error: for each function it appears in.)
checked program was:
/* begin */
1: #include <windows.h>
2: #include <winsock.h>
3: 
4: /*top*/
5: int main() { return 0; }
6: int t() { void ((*volatile p)()); p = (void ((*)()))wattr_set; return 0; }
/* end */

"gcc -o conftest -I. -IC:/Ruby187/lib/ruby/1.8/i386-mingw32 -I.    -g -O2 -DFD_SETSIZE=256    -g conftest.c  -L. -LC:/Ruby187/lib -L.     -lpdcurses  -lmsvcrt-ruby18-static -lpdcurses  -lshell32 -lws2_32  "
checked program was:
/* begin */
1: /*top*/
2: int main() { return 0; }
3: int t() { wattr_set(); return 0; }
/* end */

--------------------

have_func: checking for wchgat()... -------------------- yes

"gcc -o conftest -I. -IC:/Ruby187/lib/ruby/1.8/i386-mingw32 -I.    -g -O2 -DFD_SETSIZE=256    -g conftest.c  -L. -LC:/Ruby187/lib -L.     -lpdcurses  -lmsvcrt-ruby18-static -lpdcurses  -lshell32 -lws2_32  "
conftest.c: In function `t':
conftest.c:6: error: `wchgat' undeclared (first use in this function)
conftest.c:6: error: (Each undeclared identifier is reported only once
conftest.c:6: error: for each function it appears in.)
checked program was:
/* begin */
1: #include <windows.h>
2: #include <winsock.h>
3: 
4: /*top*/
5: int main() { return 0; }
6: int t() { void ((*volatile p)()); p = (void ((*)()))wchgat; return 0; }
/* end */

"gcc -o conftest -I. -IC:/Ruby187/lib/ruby/1.8/i386-mingw32 -I.    -g -O2 -DFD_SETSIZE=256    -g conftest.c  -L. -LC:/Ruby187/lib -L.     -lpdcurses  -lmsvcrt-ruby18-static -lpdcurses  -lshell32 -lws2_32  "
checked program was:
/* begin */
1: /*top*/
2: int main() { return 0; }
3: int t() { wchgat(); return 0; }
/* end */

--------------------

have_func: checking for wcolor_set()... -------------------- yes

"gcc -o conftest -I. -IC:/Ruby187/lib/ruby/1.8/i386-mingw32 -I.    -g -O2 -DFD_SETSIZE=256    -g conftest.c  -L. -LC:/Ruby187/lib -L.     -lpdcurses  -lmsvcrt-ruby18-static -lpdcurses  -lshell32 -lws2_32  "
conftest.c: In function `t':
conftest.c:6: error: `wcolor_set' undeclared (first use in this function)
conftest.c:6: error: (Each undeclared identifier is reported only once
conftest.c:6: error: for each function it appears in.)
checked program was:
/* begin */
1: #include <windows.h>
2: #include <winsock.h>
3: 
4: /*top*/
5: int main() { return 0; }
6: int t() { void ((*volatile p)()); p = (void ((*)()))wcolor_set; return 0; }
/* end */

"gcc -o conftest -I. -IC:/Ruby187/lib/ruby/1.8/i386-mingw32 -I.    -g -O2 -DFD_SETSIZE=256    -g conftest.c  -L. -LC:/Ruby187/lib -L.     -lpdcurses  -lmsvcrt-ruby18-static -lpdcurses  -lshell32 -lws2_32  "
checked program was:
/* begin */
1: /*top*/
2: int main() { return 0; }
3: int t() { wcolor_set(); return 0; }
/* end */

--------------------

have_func: checking for getattrs()... -------------------- yes

"gcc -o conftest -I. -IC:/Ruby187/lib/ruby/1.8/i386-mingw32 -I.    -g -O2 -DFD_SETSIZE=256    -g conftest.c  -L. -LC:/Ruby187/lib -L.     -lpdcurses  -lmsvcrt-ruby18-static -lpdcurses  -lshell32 -lws2_32  "
conftest.c: In function `t':
conftest.c:6: error: `getattrs' undeclared (first use in this function)
conftest.c:6: error: (Each undeclared identifier is reported only once
conftest.c:6: error: for each function it appears in.)
checked program was:
/* begin */
1: #include <windows.h>
2: #include <winsock.h>
3: 
4: /*top*/
5: int main() { return 0; }
6: int t() { void ((*volatile p)()); p = (void ((*)()))getattrs; return 0; }
/* end */

"gcc -o conftest -I. -IC:/Ruby187/lib/ruby/1.8/i386-mingw32 -I.    -g -O2 -DFD_SETSIZE=256    -g conftest.c  -L. -LC:/Ruby187/lib -L.     -lpdcurses  -lmsvcrt-ruby18-static -lpdcurses  -lshell32 -lws2_32  "
checked program was:
/* begin */
1: /*top*/
2: int main() { return 0; }
3: int t() { getattrs(); return 0; }
/* end */

--------------------

have_func: checking for _tracef()... -------------------- no

"gcc -o conftest -I. -IC:/Ruby187/lib/ruby/1.8/i386-mingw32 -I.    -g -O2 -DFD_SETSIZE=256    -g conftest.c  -L. -LC:/Ruby187/lib -L.     -lpdcurses  -lmsvcrt-ruby18-static -lpdcurses  -lshell32 -lws2_32  "
conftest.c: In function `t':
conftest.c:6: error: `_tracef' undeclared (first use in this function)
conftest.c:6: error: (Each undeclared identifier is reported only once
conftest.c:6: error: for each function it appears in.)
checked program was:
/* begin */
1: #include <windows.h>
2: #include <winsock.h>
3: 
4: /*top*/
5: int main() { return 0; }
6: int t() { void ((*volatile p)()); p = (void ((*)()))_tracef; return 0; }
/* end */

"gcc -o conftest -I. -IC:/Ruby187/lib/ruby/1.8/i386-mingw32 -I.    -g -O2 -DFD_SETSIZE=256    -g conftest.c  -L. -LC:/Ruby187/lib -L.     -lpdcurses  -lmsvcrt-ruby18-static -lpdcurses  -lshell32 -lws2_32  "
C:\DOCUME~1\ADMINI~1\LOCALS~1\Temp/cciTJD4G.o: In function `t':
C:/sam/code/ncursesw-ruby/conftest.c:3: undefined reference to `_tracef'
collect2: ld returned 1 exit status
checked program was:
/* begin */
1: /*top*/
2: int main() { return 0; }
3: int t() { _tracef(); return 0; }
/* end */

--------------------

have_func: checking for _tracedump()... -------------------- no

"gcc -o conftest -I. -IC:/Ruby187/lib/ruby/1.8/i386-mingw32 -I.    -g -O2 -DFD_SETSIZE=256    -g conftest.c  -L. -LC:/Ruby187/lib -L.     -lpdcurses  -lmsvcrt-ruby18-static -lpdcurses  -lshell32 -lws2_32  "
conftest.c: In function `t':
conftest.c:6: error: `_tracedump' undeclared (first use in this function)
conftest.c:6: error: (Each undeclared identifier is reported only once
conftest.c:6: error: for each function it appears in.)
checked program was:
/* begin */
1: #include <windows.h>
2: #include <winsock.h>
3: 
4: /*top*/
5: int main() { return 0; }
6: int t() { void ((*volatile p)()); p = (void ((*)()))_tracedump; return 0; }
/* end */

"gcc -o conftest -I. -IC:/Ruby187/lib/ruby/1.8/i386-mingw32 -I.    -g -O2 -DFD_SETSIZE=256    -g conftest.c  -L. -LC:/Ruby187/lib -L.     -lpdcurses  -lmsvcrt-ruby18-static -lpdcurses  -lshell32 -lws2_32  "
C:\DOCUME~1\ADMINI~1\LOCALS~1\Temp/cc6f1VWH.o: In function `t':
C:/sam/code/ncursesw-ruby/conftest.c:3: undefined reference to `_tracedump'
collect2: ld returned 1 exit status
checked program was:
/* begin */
1: /*top*/
2: int main() { return 0; }
3: int t() { _tracedump(); return 0; }
/* end */

--------------------

have_func: checking for _nc_tracebits()... -------------------- no

"gcc -o conftest -I. -IC:/Ruby187/lib/ruby/1.8/i386-mingw32 -I.    -g -O2 -DFD_SETSIZE=256    -g conftest.c  -L. -LC:/Ruby187/lib -L.     -lpdcurses  -lmsvcrt-ruby18-static -lpdcurses  -lshell32 -lws2_32  "
conftest.c: In function `t':
conftest.c:6: error: `_nc_tracebits' undeclared (first use in this function)
conftest.c:6: error: (Each undeclared identifier is reported only once
conftest.c:6: error: for each function it appears in.)
checked program was:
/* begin */
1: #include <windows.h>
2: #include <winsock.h>
3: 
4: /*top*/
5: int main() { return 0; }
6: int t() { void ((*volatile p)()); p = (void ((*)()))_nc_tracebits; return 0; }
/* end */

"gcc -o conftest -I. -IC:/Ruby187/lib/ruby/1.8/i386-mingw32 -I.    -g -O2 -DFD_SETSIZE=256    -g conftest.c  -L. -LC:/Ruby187/lib -L.     -lpdcurses  -lmsvcrt-ruby18-static -lpdcurses  -lshell32 -lws2_32  "
C:\DOCUME~1\ADMINI~1\LOCALS~1\Temp/ccE9oClR.o: In function `t':
C:/sam/code/ncursesw-ruby/conftest.c:3: undefined reference to `_nc_tracebits'
collect2: ld returned 1 exit status
checked program was:
/* begin */
1: /*top*/
2: int main() { return 0; }
3: int t() { _nc_tracebits(); return 0; }
/* end */

--------------------

have_func: checking for _traceattr()... -------------------- no

"gcc -o conftest -I. -IC:/Ruby187/lib/ruby/1.8/i386-mingw32 -I.    -g -O2 -DFD_SETSIZE=256    -g conftest.c  -L. -LC:/Ruby187/lib -L.     -lpdcurses  -lmsvcrt-ruby18-static -lpdcurses  -lshell32 -lws2_32  "
conftest.c: In function `t':
conftest.c:6: error: `_traceattr' undeclared (first use in this function)
conftest.c:6: error: (Each undeclared identifier is reported only once
conftest.c:6: error: for each function it appears in.)
checked program was:
/* begin */
1: #include <windows.h>
2: #include <winsock.h>
3: 
4: /*top*/
5: int main() { return 0; }
6: int t() { void ((*volatile p)()); p = (void ((*)()))_traceattr; return 0; }
/* end */

"gcc -o conftest -I. -IC:/Ruby187/lib/ruby/1.8/i386-mingw32 -I.    -g -O2 -DFD_SETSIZE=256    -g conftest.c  -L. -LC:/Ruby187/lib -L.     -lpdcurses  -lmsvcrt-ruby18-static -lpdcurses  -lshell32 -lws2_32  "
C:\DOCUME~1\ADMINI~1\LOCALS~1\Temp/ccW7hwkE.o: In function `t':
C:/sam/code/ncursesw-ruby/conftest.c:3: undefined reference to `_traceattr'
collect2: ld returned 1 exit status
checked program was:
/* begin */
1: /*top*/
2: int main() { return 0; }
3: int t() { _traceattr(); return 0; }
/* end */

--------------------

have_func: checking for _traceattr2()... -------------------- no

"gcc -o conftest -I. -IC:/Ruby187/lib/ruby/1.8/i386-mingw32 -I.    -g -O2 -DFD_SETSIZE=256    -g conftest.c  -L. -LC:/Ruby187/lib -L.     -lpdcurses  -lmsvcrt-ruby18-static -lpdcurses  -lshell32 -lws2_32  "
conftest.c: In function `t':
conftest.c:6: error: `_traceattr2' undeclared (first use in this function)
conftest.c:6: error: (Each undeclared identifier is reported only once
conftest.c:6: error: for each function it appears in.)
checked program was:
/* begin */
1: #include <windows.h>
2: #include <winsock.h>
3: 
4: /*top*/
5: int main() { return 0; }
6: int t() { void ((*volatile p)()); p = (void ((*)()))_traceattr2; return 0; }
/* end */

"gcc -o conftest -I. -IC:/Ruby187/lib/ruby/1.8/i386-mingw32 -I.    -g -O2 -DFD_SETSIZE=256    -g conftest.c  -L. -LC:/Ruby187/lib -L.     -lpdcurses  -lmsvcrt-ruby18-static -lpdcurses  -lshell32 -lws2_32  "
C:\DOCUME~1\ADMINI~1\LOCALS~1\Temp/cco2JoES.o: In function `t':
C:/sam/code/ncursesw-ruby/conftest.c:3: undefined reference to `_traceattr2'
collect2: ld returned 1 exit status
checked program was:
/* begin */
1: /*top*/
2: int main() { return 0; }
3: int t() { _traceattr2(); return 0; }
/* end */

--------------------

have_func: checking for _tracechar()... -------------------- no

"gcc -o conftest -I. -IC:/Ruby187/lib/ruby/1.8/i386-mingw32 -I.    -g -O2 -DFD_SETSIZE=256    -g conftest.c  -L. -LC:/Ruby187/lib -L.     -lpdcurses  -lmsvcrt-ruby18-static -lpdcurses  -lshell32 -lws2_32  "
conftest.c: In function `t':
conftest.c:6: error: `_tracechar' undeclared (first use in this function)
conftest.c:6: error: (Each undeclared identifier is reported only once
conftest.c:6: error: for each function it appears in.)
checked program was:
/* begin */
1: #include <windows.h>
2: #include <winsock.h>
3: 
4: /*top*/
5: int main() { return 0; }
6: int t() { void ((*volatile p)()); p = (void ((*)()))_tracechar; return 0; }
/* end */

"gcc -o conftest -I. -IC:/Ruby187/lib/ruby/1.8/i386-mingw32 -I.    -g -O2 -DFD_SETSIZE=256    -g conftest.c  -L. -LC:/Ruby187/lib -L.     -lpdcurses  -lmsvcrt-ruby18-static -lpdcurses  -lshell32 -lws2_32  "
C:\DOCUME~1\ADMINI~1\LOCALS~1\Temp/ccuQAYRG.o: In function `t':
C:/sam/code/ncursesw-ruby/conftest.c:3: undefined reference to `_tracechar'
collect2: ld returned 1 exit status
checked program was:
/* begin */
1: /*top*/
2: int main() { return 0; }
3: int t() { _tracechar(); return 0; }
/* end */

--------------------

have_func: checking for _tracechtype()... -------------------- no

"gcc -o conftest -I. -IC:/Ruby187/lib/ruby/1.8/i386-mingw32 -I.    -g -O2 -DFD_SETSIZE=256    -g conftest.c  -L. -LC:/Ruby187/lib -L.     -lpdcurses  -lmsvcrt-ruby18-static -lpdcurses  -lshell32 -lws2_32  "
conftest.c: In function `t':
conftest.c:6: error: `_tracechtype' undeclared (first use in this function)
conftest.c:6: error: (Each undeclared identifier is reported only once
conftest.c:6: error: for each function it appears in.)
checked program was:
/* begin */
1: #include <windows.h>
2: #include <winsock.h>
3: 
4: /*top*/
5: int main() { return 0; }
6: int t() { void ((*volatile p)()); p = (void ((*)()))_tracechtype; return 0; }
/* end */

"gcc -o conftest -I. -IC:/Ruby187/lib/ruby/1.8/i386-mingw32 -I.    -g -O2 -DFD_SETSIZE=256    -g conftest.c  -L. -LC:/Ruby187/lib -L.     -lpdcurses  -lmsvcrt-ruby18-static -lpdcurses  -lshell32 -lws2_32  "
C:\DOCUME~1\ADMINI~1\LOCALS~1\Temp/cckxbDbP.o: In function `t':
C:/sam/code/ncursesw-ruby/conftest.c:3: undefined reference to `_tracechtype'
collect2: ld returned 1 exit status
checked program was:
/* begin */
1: /*top*/
2: int main() { return 0; }
3: int t() { _tracechtype(); return 0; }
/* end */

--------------------

have_func: checking for _tracechtype2()... -------------------- no

"gcc -o conftest -I. -IC:/Ruby187/lib/ruby/1.8/i386-mingw32 -I.    -g -O2 -DFD_SETSIZE=256    -g conftest.c  -L. -LC:/Ruby187/lib -L.     -lpdcurses  -lmsvcrt-ruby18-static -lpdcurses  -lshell32 -lws2_32  "
conftest.c: In function `t':
conftest.c:6: error: `_tracechtype2' undeclared (first use in this function)
conftest.c:6: error: (Each undeclared identifier is reported only once
conftest.c:6: error: for each function it appears in.)
checked program was:
/* begin */
1: #include <windows.h>
2: #include <winsock.h>
3: 
4: /*top*/
5: int main() { return 0; }
6: int t() { void ((*volatile p)()); p = (void ((*)()))_tracechtype2; return 0; }
/* end */

"gcc -o conftest -I. -IC:/Ruby187/lib/ruby/1.8/i386-mingw32 -I.    -g -O2 -DFD_SETSIZE=256    -g conftest.c  -L. -LC:/Ruby187/lib -L.     -lpdcurses  -lmsvcrt-ruby18-static -lpdcurses  -lshell32 -lws2_32  "
C:\DOCUME~1\ADMINI~1\LOCALS~1\Temp/ccqVEx3K.o: In function `t':
C:/sam/code/ncursesw-ruby/conftest.c:3: undefined reference to `_tracechtype2'
collect2: ld returned 1 exit status
checked program was:
/* begin */
1: /*top*/
2: int main() { return 0; }
3: int t() { _tracechtype2(); return 0; }
/* end */

--------------------

have_func: checking for _tracemouse()... -------------------- no

"gcc -o conftest -I. -IC:/Ruby187/lib/ruby/1.8/i386-mingw32 -I.    -g -O2 -DFD_SETSIZE=256    -g conftest.c  -L. -LC:/Ruby187/lib -L.     -lpdcurses  -lmsvcrt-ruby18-static -lpdcurses  -lshell32 -lws2_32  "
conftest.c: In function `t':
conftest.c:6: error: `_tracemouse' undeclared (first use in this function)
conftest.c:6: error: (Each undeclared identifier is reported only once
conftest.c:6: error: for each function it appears in.)
checked program was:
/* begin */
1: #include <windows.h>
2: #include <winsock.h>
3: 
4: /*top*/
5: int main() { return 0; }
6: int t() { void ((*volatile p)()); p = (void ((*)()))_tracemouse; return 0; }
/* end */

"gcc -o conftest -I. -IC:/Ruby187/lib/ruby/1.8/i386-mingw32 -I.    -g -O2 -DFD_SETSIZE=256    -g conftest.c  -L. -LC:/Ruby187/lib -L.     -lpdcurses  -lmsvcrt-ruby18-static -lpdcurses  -lshell32 -lws2_32  "
C:\DOCUME~1\ADMINI~1\LOCALS~1\Temp/cc2u3JAU.o: In function `t':
C:/sam/code/ncursesw-ruby/conftest.c:3: undefined reference to `_tracemouse'
collect2: ld returned 1 exit status
checked program was:
/* begin */
1: /*top*/
2: int main() { return 0; }
3: int t() { _tracemouse(); return 0; }
/* end */

--------------------

have_func: checking for assume_default_colors()... -------------------- yes

"gcc -o conftest -I. -IC:/Ruby187/lib/ruby/1.8/i386-mingw32 -I.    -g -O2 -DFD_SETSIZE=256    -g conftest.c  -L. -LC:/Ruby187/lib -L.     -lpdcurses  -lmsvcrt-ruby18-static -lpdcurses  -lshell32 -lws2_32  "
conftest.c: In function `t':
conftest.c:6: error: `assume_default_colors' undeclared (first use in this function)
conftest.c:6: error: (Each undeclared identifier is reported only once
conftest.c:6: error: for each function it appears in.)
checked program was:
/* begin */
1: #include <windows.h>
2: #include <winsock.h>
3: 
4: /*top*/
5: int main() { return 0; }
6: int t() { void ((*volatile p)()); p = (void ((*)()))assume_default_colors; return 0; }
/* end */

"gcc -o conftest -I. -IC:/Ruby187/lib/ruby/1.8/i386-mingw32 -I.    -g -O2 -DFD_SETSIZE=256    -g conftest.c  -L. -LC:/Ruby187/lib -L.     -lpdcurses  -lmsvcrt-ruby18-static -lpdcurses  -lshell32 -lws2_32  "
checked program was:
/* begin */
1: /*top*/
2: int main() { return 0; }
3: int t() { assume_default_colors(); return 0; }
/* end */

--------------------

have_func: checking for attr_get()... -------------------- yes

"gcc -o conftest -I. -IC:/Ruby187/lib/ruby/1.8/i386-mingw32 -I.    -g -O2 -DFD_SETSIZE=256    -g conftest.c  -L. -LC:/Ruby187/lib -L.     -lpdcurses  -lmsvcrt-ruby18-static -lpdcurses  -lshell32 -lws2_32  "
conftest.c: In function `t':
conftest.c:6: error: `attr_get' undeclared (first use in this function)
conftest.c:6: error: (Each undeclared identifier is reported only once
conftest.c:6: error: for each function it appears in.)
checked program was:
/* begin */
1: #include <windows.h>
2: #include <winsock.h>
3: 
4: /*top*/
5: int main() { return 0; }
6: int t() { void ((*volatile p)()); p = (void ((*)()))attr_get; return 0; }
/* end */

"gcc -o conftest -I. -IC:/Ruby187/lib/ruby/1.8/i386-mingw32 -I.    -g -O2 -DFD_SETSIZE=256    -g conftest.c  -L. -LC:/Ruby187/lib -L.     -lpdcurses  -lmsvcrt-ruby18-static -lpdcurses  -lshell32 -lws2_32  "
checked program was:
/* begin */
1: /*top*/
2: int main() { return 0; }
3: int t() { attr_get(); return 0; }
/* end */

--------------------

have_header: checking for panel.h... -------------------- yes

"gcc -E -I. -IC:/Ruby187/lib/ruby/1.8/i386-mingw32 -I.    -g -O2 -DFD_SETSIZE=256    -g  conftest.c -o conftest.i"
checked program was:
/* begin */
1: #include <panel.h>
/* end */

--------------------

have_library: checking for panel_hidden() in -lpanelw... -------------------- no

"gcc -o conftest -I. -IC:/Ruby187/lib/ruby/1.8/i386-mingw32 -I.    -g -O2 -DFD_SETSIZE=256    -g conftest.c  -L. -LC:/Ruby187/lib -L.     -lpdcurses  -lmsvcrt-ruby18-static -lpanelw -lpdcurses  -lshell32 -lws2_32  "
conftest.c: In function `t':
conftest.c:6: error: `panel_hidden' undeclared (first use in this function)
conftest.c:6: error: (Each undeclared identifier is reported only once
conftest.c:6: error: for each function it appears in.)
checked program was:
/* begin */
1: #include <windows.h>
2: #include <winsock.h>
3: 
4: /*top*/
5: int main() { return 0; }
6: int t() { void ((*volatile p)()); p = (void ((*)()))panel_hidden; return 0; }
/* end */

"gcc -o conftest -I. -IC:/Ruby187/lib/ruby/1.8/i386-mingw32 -I.    -g -O2 -DFD_SETSIZE=256    -g conftest.c  -L. -LC:/Ruby187/lib -L.     -lpdcurses  -lmsvcrt-ruby18-static -lpanelw -lpdcurses  -lshell32 -lws2_32  "
C:\Ruby187\bin\..\devkit\gcc\3.4.5\bin\..\lib\gcc\mingw32\3.4.5\..\..\..\..\mingw32\bin\ld.exe: cannot find -lpanelw
collect2: ld returned 1 exit status
checked program was:
/* begin */
1: /*top*/
2: int main() { return 0; }
3: int t() { panel_hidden(); return 0; }
/* end */

--------------------

have_header: checking for form.h... -------------------- no

"gcc -E -I. -IC:/Ruby187/lib/ruby/1.8/i386-mingw32 -I.    -g -O2 -DFD_SETSIZE=256    -g  conftest.c -o conftest.i"
conftest.c:1:18: form.h: No such file or directory
checked program was:
/* begin */
1: #include <form.h>
/* end */

--------------------

have_header: checking for menu.h... -------------------- no

"gcc -E -I. -IC:/Ruby187/lib/ruby/1.8/i386-mingw32 -I.    -g -O2 -DFD_SETSIZE=256    -g  conftest.c -o conftest.i"
conftest.c:1:18: menu.h: No such file or directory
checked program was:
/* begin */
1: #include <menu.h>
/* end */

--------------------

